This is pdfTeX, Version 3.141592653-2.6-1.40.25 (MiKTeX 23.4) (preloaded format=pdflatex 2023.5.2)  7 MAY 2023 09:06
entering extended mode
 restricted \write18 enabled.
 %&-line parsing enabled.
**./main.tex
(main.tex
LaTeX2e <2022-11-01> patch level 1
L3 programming layer <2023-03-30> (SKP-beamer.cls
Document Class: SKP-beamer 10/08/2018, v1.0
(C:\Users\riyac\AppData\Local\Programs\MiKTeX\tex/latex/beamer\beamer.cls
Document Class: beamer 2023/02/20 v3.69 A class for typesetting presentations

(C:\Users\riyac\AppData\Local\Programs\MiKTeX\tex/latex/beamer\beamerbasemodes.
sty
(C:\Users\riyac\AppData\Local\Programs\MiKTeX\tex/latex/etoolbox\etoolbox.sty
Package: etoolbox 2020/10/05 v2.5k e-TeX tools for LaTeX (JAW)
\etb@tempcnta=\count185
)
\beamer@tempbox=\box51
\beamer@tempcount=\count186
\c@beamerpauses=\count187

(C:\Users\riyac\AppData\Local\Programs\MiKTeX\tex/latex/beamer\beamerbasedecode
.sty
\beamer@slideinframe=\count188
\beamer@minimum=\count189
\beamer@decode@box=\box52
)
\beamer@commentbox=\box53
\beamer@modecount=\count190
)
(C:\Users\riyac\AppData\Local\Programs\MiKTeX\tex/generic/iftex\iftex.sty
Package: iftex 2022/02/03 v1.0f TeX engine tests
)
\headdp=\dimen140
\footheight=\dimen141
\sidebarheight=\dimen142
\beamer@tempdim=\dimen143
\beamer@finalheight=\dimen144
\beamer@animht=\dimen145
\beamer@animdp=\dimen146
\beamer@animwd=\dimen147
\beamer@leftmargin=\dimen148
\beamer@rightmargin=\dimen149
\beamer@leftsidebar=\dimen150
\beamer@rightsidebar=\dimen151
\beamer@boxsize=\dimen152
\beamer@vboxoffset=\dimen153
\beamer@descdefault=\dimen154
\beamer@descriptionwidth=\dimen155
\beamer@lastskip=\skip48
\beamer@areabox=\box54
\beamer@animcurrent=\box55
\beamer@animshowbox=\box56
\beamer@sectionbox=\box57
\beamer@logobox=\box58
\beamer@linebox=\box59
\beamer@sectioncount=\count191
\beamer@subsubsectionmax=\count192
\beamer@subsectionmax=\count193
\beamer@sectionmax=\count194
\beamer@totalheads=\count195
\beamer@headcounter=\count196
\beamer@partstartpage=\count197
\beamer@sectionstartpage=\count198
\beamer@subsectionstartpage=\count199
\beamer@animationtempa=\count266
\beamer@animationtempb=\count267
\beamer@xpos=\count268
\beamer@ypos=\count269
\beamer@ypos@offset=\count270
\beamer@showpartnumber=\count271
\beamer@currentsubsection=\count272
\beamer@coveringdepth=\count273
\beamer@sectionadjust=\count274
\beamer@toclastsection=\count275
\beamer@tocsectionnumber=\count276

(C:\Users\riyac\AppData\Local\Programs\MiKTeX\tex/latex/beamer\beamerbaseoption
s.sty
(C:\Users\riyac\AppData\Local\Programs\MiKTeX\tex/latex/graphics\keyval.sty
Package: keyval 2022/05/29 v1.15 key=value parser (DPC)
\KV@toks@=\toks16
))
\beamer@paperwidth=\skip49
\beamer@paperheight=\skip50

(C:\Users\riyac\AppData\Local\Programs\MiKTeX\tex/latex/geometry\geometry.sty
Package: geometry 2020/01/02 v5.9 Page Geometry

(C:\Users\riyac\AppData\Local\Programs\MiKTeX\tex/generic/iftex\ifvtex.sty
Package: ifvtex 2019/10/25 v1.7 ifvtex legacy package. Use iftex instead.
)
\Gm@cnth=\count277
\Gm@cntv=\count278
\c@Gm@tempcnt=\count279
\Gm@bindingoffset=\dimen156
\Gm@wd@mp=\dimen157
\Gm@odd@mp=\dimen158
\Gm@even@mp=\dimen159
\Gm@layoutwidth=\dimen160
\Gm@layoutheight=\dimen161
\Gm@layouthoffset=\dimen162
\Gm@layoutvoffset=\dimen163
\Gm@dimlist=\toks17

(C:\Users\riyac\AppData\Local\Programs\MiKTeX\tex/latex/geometry\geometry.cfg))
(C:\Users\riyac\AppData\Local\Programs\MiKTeX\tex/latex/pgf/math\pgfmath.sty
(C:\Users\riyac\AppData\Local\Programs\MiKTeX\tex/latex/pgf/utilities\pgfrcs.st
y
(C:\Users\riyac\AppData\Local\Programs\MiKTeX\tex/generic/pgf/utilities\pgfutil
-common.tex
\pgfutil@everybye=\toks18
\pgfutil@tempdima=\dimen164
\pgfutil@tempdimb=\dimen165
)
(C:\Users\riyac\AppData\Local\Programs\MiKTeX\tex/generic/pgf/utilities\pgfutil
-latex.def
\pgfutil@abb=\box60
)
(C:\Users\riyac\AppData\Local\Programs\MiKTeX\tex/generic/pgf/utilities\pgfrcs.
code.tex
(C:\Users\riyac\AppData\Local\Programs\MiKTeX\tex/generic/pgf\pgf.revision.tex)
Package: pgfrcs 2023-01-15 v3.1.10 (3.1.10)
))
(C:\Users\riyac\AppData\Local\Programs\MiKTeX\tex/latex/pgf/utilities\pgfkeys.s
ty
(C:\Users\riyac\AppData\Local\Programs\MiKTeX\tex/generic/pgf/utilities\pgfkeys
.code.tex
\pgfkeys@pathtoks=\toks19
\pgfkeys@temptoks=\toks20

(C:\Users\riyac\AppData\Local\Programs\MiKTeX\tex/generic/pgf/utilities\pgfkeys
libraryfiltered.code.tex
\pgfkeys@tmptoks=\toks21
)))
(C:\Users\riyac\AppData\Local\Programs\MiKTeX\tex/generic/pgf/math\pgfmath.code
.tex
(C:\Users\riyac\AppData\Local\Programs\MiKTeX\tex/generic/pgf/math\pgfmathutil.
code.tex
\pgf@x=\dimen166
\pgf@xa=\dimen167
\pgf@xb=\dimen168
\pgf@xc=\dimen169
\pgf@y=\dimen170
\pgf@ya=\dimen171
\pgf@yb=\dimen172
\pgf@yc=\dimen173
\c@pgf@counta=\count280
\c@pgf@countb=\count281
\c@pgf@countc=\count282
\c@pgf@countd=\count283
)
(C:\Users\riyac\AppData\Local\Programs\MiKTeX\tex/generic/pgf/math\pgfmathparse
r.code.tex
\pgfmath@dimen=\dimen174
\pgfmath@count=\count284
\pgfmath@box=\box61
\pgfmath@toks=\toks22
\pgfmath@stack@operand=\toks23
\pgfmath@stack@operation=\toks24
)
(C:\Users\riyac\AppData\Local\Programs\MiKTeX\tex/generic/pgf/math\pgfmathfunct
ions.code.tex)
(C:\Users\riyac\AppData\Local\Programs\MiKTeX\tex/generic/pgf/math\pgfmathfunct
ions.basic.code.tex)
(C:\Users\riyac\AppData\Local\Programs\MiKTeX\tex/generic/pgf/math\pgfmathfunct
ions.trigonometric.code.tex)
(C:\Users\riyac\AppData\Local\Programs\MiKTeX\tex/generic/pgf/math\pgfmathfunct
ions.random.code.tex)
(C:\Users\riyac\AppData\Local\Programs\MiKTeX\tex/generic/pgf/math\pgfmathfunct
ions.comparison.code.tex)
(C:\Users\riyac\AppData\Local\Programs\MiKTeX\tex/generic/pgf/math\pgfmathfunct
ions.base.code.tex)
(C:\Users\riyac\AppData\Local\Programs\MiKTeX\tex/generic/pgf/math\pgfmathfunct
ions.round.code.tex)
(C:\Users\riyac\AppData\Local\Programs\MiKTeX\tex/generic/pgf/math\pgfmathfunct
ions.misc.code.tex)
(C:\Users\riyac\AppData\Local\Programs\MiKTeX\tex/generic/pgf/math\pgfmathfunct
ions.integerarithmetics.code.tex)
(C:\Users\riyac\AppData\Local\Programs\MiKTeX\tex/generic/pgf/math\pgfmathcalc.
code.tex)
(C:\Users\riyac\AppData\Local\Programs\MiKTeX\tex/generic/pgf/math\pgfmathfloat
.code.tex
\c@pgfmathroundto@lastzeros=\count285
)))
(C:\Users\riyac\AppData\Local\Programs\MiKTeX\tex/latex/extsizes\size8.clo
File: size8.clo 1999/11/11 v1.4a NON-Standard LaTeX file (size option)
)
(C:\Users\riyac\AppData\Local\Programs\MiKTeX\tex/latex/pgf/basiclayer\pgfcore.
sty
(C:\Users\riyac\AppData\Local\Programs\MiKTeX\tex/latex/graphics\graphicx.sty
Package: graphicx 2021/09/16 v1.2d Enhanced LaTeX Graphics (DPC,SPQR)

(C:\Users\riyac\AppData\Local\Programs\MiKTeX\tex/latex/graphics\graphics.sty
Package: graphics 2022/03/10 v1.4e Standard LaTeX Graphics (DPC,SPQR)

(C:\Users\riyac\AppData\Local\Programs\MiKTeX\tex/latex/graphics\trig.sty
Package: trig 2021/08/11 v1.11 sin cos tan (DPC)
)
(C:\Users\riyac\AppData\Local\Programs\MiKTeX\tex/latex/graphics-cfg\graphics.c
fg
File: graphics.cfg 2016/06/04 v1.11 sample graphics configuration
)
Package graphics Info: Driver file: pdftex.def on input line 107.

(C:\Users\riyac\AppData\Local\Programs\MiKTeX\tex/latex/graphics-def\pdftex.def
File: pdftex.def 2022/09/22 v1.2b Graphics/color driver for pdftex
))
\Gin@req@height=\dimen175
\Gin@req@width=\dimen176
)
(C:\Users\riyac\AppData\Local\Programs\MiKTeX\tex/latex/pgf/systemlayer\pgfsys.
sty
(C:\Users\riyac\AppData\Local\Programs\MiKTeX\tex/generic/pgf/systemlayer\pgfsy
s.code.tex
Package: pgfsys 2023-01-15 v3.1.10 (3.1.10)
\pgf@x=\dimen177
\pgf@y=\dimen178
\pgf@xa=\dimen179
\pgf@ya=\dimen180
\pgf@xb=\dimen181
\pgf@yb=\dimen182
\pgf@xc=\dimen183
\pgf@yc=\dimen184
\pgf@xd=\dimen185
\pgf@yd=\dimen186
\w@pgf@writea=\write3
\r@pgf@reada=\read2
\c@pgf@counta=\count286
\c@pgf@countb=\count287
\c@pgf@countc=\count288
\c@pgf@countd=\count289
\t@pgf@toka=\toks25
\t@pgf@tokb=\toks26
\t@pgf@tokc=\toks27
\pgf@sys@id@count=\count290

(C:\Users\riyac\AppData\Local\Programs\MiKTeX\tex/generic/pgf/systemlayer\pgf.c
fg
File: pgf.cfg 2023-01-15 v3.1.10 (3.1.10)
)
Driver file for pgf: pgfsys-pdftex.def

(C:\Users\riyac\AppData\Local\Programs\MiKTeX\tex/generic/pgf/systemlayer\pgfsy
s-pdftex.def
File: pgfsys-pdftex.def 2023-01-15 v3.1.10 (3.1.10)

(C:\Users\riyac\AppData\Local\Programs\MiKTeX\tex/generic/pgf/systemlayer\pgfsy
s-common-pdf.def
File: pgfsys-common-pdf.def 2023-01-15 v3.1.10 (3.1.10)
)))
(C:\Users\riyac\AppData\Local\Programs\MiKTeX\tex/generic/pgf/systemlayer\pgfsy
ssoftpath.code.tex
File: pgfsyssoftpath.code.tex 2023-01-15 v3.1.10 (3.1.10)
\pgfsyssoftpath@smallbuffer@items=\count291
\pgfsyssoftpath@bigbuffer@items=\count292
)
(C:\Users\riyac\AppData\Local\Programs\MiKTeX\tex/generic/pgf/systemlayer\pgfsy
sprotocol.code.tex
File: pgfsysprotocol.code.tex 2023-01-15 v3.1.10 (3.1.10)
))
(C:\Users\riyac\AppData\Local\Programs\MiKTeX\tex/latex/xcolor\xcolor.sty
Package: xcolor 2022/06/12 v2.14 LaTeX color extensions (UK)

(C:\Users\riyac\AppData\Local\Programs\MiKTeX\tex/latex/graphics-cfg\color.cfg
File: color.cfg 2016/01/02 v1.6 sample color configuration
)
Package xcolor Info: Driver file: pdftex.def on input line 227.
(C:\Users\riyac\AppData\Local\Programs\MiKTeX\tex/latex/graphics\mathcolor.ltx)
Package xcolor Info: Model `cmy' substituted by `cmy0' on input line 1353.
Package xcolor Info: Model `hsb' substituted by `rgb' on input line 1357.
Package xcolor Info: Model `RGB' extended on input line 1369.
Package xcolor Info: Model `HTML' substituted by `rgb' on input line 1371.
Package xcolor Info: Model `Hsb' substituted by `hsb' on input line 1372.
Package xcolor Info: Model `tHsb' substituted by `hsb' on input line 1373.
Package xcolor Info: Model `HSB' substituted by `hsb' on input line 1374.
Package xcolor Info: Model `Gray' substituted by `gray' on input line 1375.
Package xcolor Info: Model `wave' substituted by `hsb' on input line 1376.
(C:\Users\riyac\AppData\Local\Programs\MiKTeX\tex/latex/xcolor\svgnam.def
File: svgnam.def 2022/06/12 v2.14 Predefined colors according to SVG 1.1 (UK)
))
(C:\Users\riyac\AppData\Local\Programs\MiKTeX\tex/generic/pgf/basiclayer\pgfcor
e.code.tex
Package: pgfcore 2023-01-15 v3.1.10 (3.1.10)

(C:\Users\riyac\AppData\Local\Programs\MiKTeX\tex/generic/pgf/math\pgfint.code.
tex)
(C:\Users\riyac\AppData\Local\Programs\MiKTeX\tex/generic/pgf/basiclayer\pgfcor
epoints.code.tex
File: pgfcorepoints.code.tex 2023-01-15 v3.1.10 (3.1.10)
\pgf@picminx=\dimen187
\pgf@picmaxx=\dimen188
\pgf@picminy=\dimen189
\pgf@picmaxy=\dimen190
\pgf@pathminx=\dimen191
\pgf@pathmaxx=\dimen192
\pgf@pathminy=\dimen193
\pgf@pathmaxy=\dimen194
\pgf@xx=\dimen195
\pgf@xy=\dimen196
\pgf@yx=\dimen197
\pgf@yy=\dimen198
\pgf@zx=\dimen199
\pgf@zy=\dimen256
)
(C:\Users\riyac\AppData\Local\Programs\MiKTeX\tex/generic/pgf/basiclayer\pgfcor
epathconstruct.code.tex
File: pgfcorepathconstruct.code.tex 2023-01-15 v3.1.10 (3.1.10)
\pgf@path@lastx=\dimen257
\pgf@path@lasty=\dimen258
)
(C:\Users\riyac\AppData\Local\Programs\MiKTeX\tex/generic/pgf/basiclayer\pgfcor
epathusage.code.tex
File: pgfcorepathusage.code.tex 2023-01-15 v3.1.10 (3.1.10)
\pgf@shorten@end@additional=\dimen259
\pgf@shorten@start@additional=\dimen260
)
(C:\Users\riyac\AppData\Local\Programs\MiKTeX\tex/generic/pgf/basiclayer\pgfcor
escopes.code.tex
File: pgfcorescopes.code.tex 2023-01-15 v3.1.10 (3.1.10)
\pgfpic=\box62
\pgf@hbox=\box63
\pgf@layerbox@main=\box64
\pgf@picture@serial@count=\count293
)
(C:\Users\riyac\AppData\Local\Programs\MiKTeX\tex/generic/pgf/basiclayer\pgfcor
egraphicstate.code.tex
File: pgfcoregraphicstate.code.tex 2023-01-15 v3.1.10 (3.1.10)
\pgflinewidth=\dimen261
)
(C:\Users\riyac\AppData\Local\Programs\MiKTeX\tex/generic/pgf/basiclayer\pgfcor
etransformations.code.tex
File: pgfcoretransformations.code.tex 2023-01-15 v3.1.10 (3.1.10)
\pgf@pt@x=\dimen262
\pgf@pt@y=\dimen263
\pgf@pt@temp=\dimen264
)
(C:\Users\riyac\AppData\Local\Programs\MiKTeX\tex/generic/pgf/basiclayer\pgfcor
equick.code.tex
File: pgfcorequick.code.tex 2023-01-15 v3.1.10 (3.1.10)
)
(C:\Users\riyac\AppData\Local\Programs\MiKTeX\tex/generic/pgf/basiclayer\pgfcor
eobjects.code.tex
File: pgfcoreobjects.code.tex 2023-01-15 v3.1.10 (3.1.10)
)
(C:\Users\riyac\AppData\Local\Programs\MiKTeX\tex/generic/pgf/basiclayer\pgfcor
epathprocessing.code.tex
File: pgfcorepathprocessing.code.tex 2023-01-15 v3.1.10 (3.1.10)
)
(C:\Users\riyac\AppData\Local\Programs\MiKTeX\tex/generic/pgf/basiclayer\pgfcor
earrows.code.tex
File: pgfcorearrows.code.tex 2023-01-15 v3.1.10 (3.1.10)
\pgfarrowsep=\dimen265
)
(C:\Users\riyac\AppData\Local\Programs\MiKTeX\tex/generic/pgf/basiclayer\pgfcor
eshade.code.tex
File: pgfcoreshade.code.tex 2023-01-15 v3.1.10 (3.1.10)
\pgf@max=\dimen266
\pgf@sys@shading@range@num=\count294
\pgf@shadingcount=\count295
)
(C:\Users\riyac\AppData\Local\Programs\MiKTeX\tex/generic/pgf/basiclayer\pgfcor
eimage.code.tex
File: pgfcoreimage.code.tex 2023-01-15 v3.1.10 (3.1.10)
)
(C:\Users\riyac\AppData\Local\Programs\MiKTeX\tex/generic/pgf/basiclayer\pgfcor
eexternal.code.tex
File: pgfcoreexternal.code.tex 2023-01-15 v3.1.10 (3.1.10)
\pgfexternal@startupbox=\box65
)
(C:\Users\riyac\AppData\Local\Programs\MiKTeX\tex/generic/pgf/basiclayer\pgfcor
elayers.code.tex
File: pgfcorelayers.code.tex 2023-01-15 v3.1.10 (3.1.10)
)
(C:\Users\riyac\AppData\Local\Programs\MiKTeX\tex/generic/pgf/basiclayer\pgfcor
etransparency.code.tex
File: pgfcoretransparency.code.tex 2023-01-15 v3.1.10 (3.1.10)
)
(C:\Users\riyac\AppData\Local\Programs\MiKTeX\tex/generic/pgf/basiclayer\pgfcor
epatterns.code.tex
File: pgfcorepatterns.code.tex 2023-01-15 v3.1.10 (3.1.10)
)
(C:\Users\riyac\AppData\Local\Programs\MiKTeX\tex/generic/pgf/basiclayer\pgfcor
erdf.code.tex
File: pgfcorerdf.code.tex 2023-01-15 v3.1.10 (3.1.10)
)))
(C:\Users\riyac\AppData\Local\Programs\MiKTeX\tex/latex/pgf/utilities\xxcolor.s
ty
Package: xxcolor 2003/10/24 ver 0.1
\XC@nummixins=\count296
\XC@countmixins=\count297
)
(C:\Users\riyac\AppData\Local\Programs\MiKTeX\tex/latex/base\atbegshi-ltx.sty
Package: atbegshi-ltx 2021/01/10 v1.0c Emulation of the original atbegshi
package with kernel methods
)
(C:\Users\riyac\AppData\Local\Programs\MiKTeX\tex/latex/hyperref\hyperref.sty
Package: hyperref 2023-02-07 v7.00v Hypertext links for LaTeX

(C:\Users\riyac\AppData\Local\Programs\MiKTeX\tex/generic/ltxcmds\ltxcmds.sty
Package: ltxcmds 2020-05-10 v1.25 LaTeX kernel commands for general use (HO)
)
(C:\Users\riyac\AppData\Local\Programs\MiKTeX\tex/generic/pdftexcmds\pdftexcmds
.sty
Package: pdftexcmds 2020-06-27 v0.33 Utility functions of pdfTeX for LuaTeX (HO
)

(C:\Users\riyac\AppData\Local\Programs\MiKTeX\tex/generic/infwarerr\infwarerr.s
ty
Package: infwarerr 2019/12/03 v1.5 Providing info/warning/error messages (HO)
)
Package pdftexcmds Info: \pdf@primitive is available.
Package pdftexcmds Info: \pdf@ifprimitive is available.
Package pdftexcmds Info: \pdfdraftmode found.
)
(C:\Users\riyac\AppData\Local\Programs\MiKTeX\tex/latex/kvsetkeys\kvsetkeys.sty
Package: kvsetkeys 2022-10-05 v1.19 Key value parser (HO)
)
(C:\Users\riyac\AppData\Local\Programs\MiKTeX\tex/generic/kvdefinekeys\kvdefine
keys.sty
Package: kvdefinekeys 2019-12-19 v1.6 Define keys (HO)
)
(C:\Users\riyac\AppData\Local\Programs\MiKTeX\tex/generic/pdfescape\pdfescape.s
ty
Package: pdfescape 2019/12/09 v1.15 Implements pdfTeX's escape features (HO)
) (C:\Users\riyac\AppData\Local\Programs\MiKTeX\tex/latex/hycolor\hycolor.sty
Package: hycolor 2020-01-27 v1.10 Color options for hyperref/bookmark (HO)
)
(C:\Users\riyac\AppData\Local\Programs\MiKTeX\tex/latex/letltxmacro\letltxmacro
.sty
Package: letltxmacro 2019/12/03 v1.6 Let assignment for LaTeX macros (HO)
)
(C:\Users\riyac\AppData\Local\Programs\MiKTeX\tex/latex/auxhook\auxhook.sty
Package: auxhook 2019-12-17 v1.6 Hooks for auxiliary files (HO)
)
(C:\Users\riyac\AppData\Local\Programs\MiKTeX\tex/latex/hyperref\nameref.sty
Package: nameref 2022-05-17 v2.50 Cross-referencing by name of section

(C:\Users\riyac\AppData\Local\Programs\MiKTeX\tex/latex/refcount\refcount.sty
Package: refcount 2019/12/15 v3.6 Data extraction from label references (HO)
)
(C:\Users\riyac\AppData\Local\Programs\MiKTeX\tex/generic/gettitlestring\gettit
lestring.sty
Package: gettitlestring 2019/12/15 v1.6 Cleanup title references (HO)

(C:\Users\riyac\AppData\Local\Programs\MiKTeX\tex/latex/kvoptions\kvoptions.sty
Package: kvoptions 2022-06-15 v3.15 Key value format for package options (HO)
))
\c@section@level=\count298
)
\@linkdim=\dimen267
\Hy@linkcounter=\count299
\Hy@pagecounter=\count300
 (C:\Users\riyac\AppData\Local\Programs\MiKTeX\tex/latex/hyperref\pd1enc.def
File: pd1enc.def 2023-02-07 v7.00v Hyperref: PDFDocEncoding definition (HO)
Now handling font encoding PD1 ...
... no UTF-8 mapping file for font encoding PD1
) (C:\Users\riyac\AppData\Local\Programs\MiKTeX\tex/generic/intcalc\intcalc.sty
Package: intcalc 2019/12/15 v1.3 Expandable calculations with integers (HO)
)
(C:\Users\riyac\AppData\Local\Programs\MiKTeX\tex/generic/etexcmds\etexcmds.sty
Package: etexcmds 2019/12/15 v1.7 Avoid name clashes with e-TeX commands (HO)
)
\Hy@SavedSpaceFactor=\count301
 (C:\Users\riyac\AppData\Local\Programs\MiKTeX\tex/latex/hyperref\puenc.def
File: puenc.def 2023-02-07 v7.00v Hyperref: PDF Unicode definition (HO)
Now handling font encoding PU ...
... no UTF-8 mapping file for font encoding PU
)
Package hyperref Info: Option `bookmarks' set `true' on input line 4060.
Package hyperref Info: Option `bookmarksopen' set `true' on input line 4060.
Package hyperref Info: Option `implicit' set `false' on input line 4060.
Package hyperref Info: Hyper figures OFF on input line 4177.
Package hyperref Info: Link nesting OFF on input line 4182.
Package hyperref Info: Hyper index ON on input line 4185.
Package hyperref Info: Plain pages OFF on input line 4192.
Package hyperref Info: Backreferencing OFF on input line 4197.
Package hyperref Info: Implicit mode OFF; no redefinition of LaTeX internals.
Package hyperref Info: Bookmarks ON on input line 4425.
\c@Hy@tempcnt=\count302

(C:\Users\riyac\AppData\Local\Programs\MiKTeX\tex/latex/url\url.sty
\Urlmuskip=\muskip16
Package: url 2013/09/16  ver 3.4  Verb mode for urls, etc.
)
LaTeX Info: Redefining \url on input line 4763.
\XeTeXLinkMargin=\dimen268

(C:\Users\riyac\AppData\Local\Programs\MiKTeX\tex/generic/bitset\bitset.sty
Package: bitset 2019/12/09 v1.3 Handle bit-vector datatype (HO)

(C:\Users\riyac\AppData\Local\Programs\MiKTeX\tex/generic/bigintcalc\bigintcalc
.sty
Package: bigintcalc 2019/12/15 v1.5 Expandable calculations on big integers (HO
)
))
\Fld@menulength=\count303
\Field@Width=\dimen269
\Fld@charsize=\dimen270
Package hyperref Info: Hyper figures OFF on input line 6042.
Package hyperref Info: Link nesting OFF on input line 6047.
Package hyperref Info: Hyper index ON on input line 6050.
Package hyperref Info: backreferencing OFF on input line 6057.
Package hyperref Info: Link coloring OFF on input line 6062.
Package hyperref Info: Link coloring with OCG OFF on input line 6067.
Package hyperref Info: PDF/A mode OFF on input line 6072.
\Hy@abspage=\count304


Package hyperref Message: Stopped early.

)
Package hyperref Info: Driver (autodetected): hpdftex.
 (C:\Users\riyac\AppData\Local\Programs\MiKTeX\tex/latex/hyperref\hpdftex.def
File: hpdftex.def 2023-02-07 v7.00v Hyperref driver for pdfTeX

(C:\Users\riyac\AppData\Local\Programs\MiKTeX\tex/latex/base\atveryend-ltx.sty
Package: atveryend-ltx 2020/08/19 v1.0a Emulation of the original atveryend pac
kage
with kernel methods
)
\Fld@listcount=\count305
\c@bookmark@seq@number=\count306

(C:\Users\riyac\AppData\Local\Programs\MiKTeX\tex/latex/rerunfilecheck\rerunfil
echeck.sty
Package: rerunfilecheck 2022-07-10 v1.10 Rerun checks for auxiliary files (HO)

(C:\Users\riyac\AppData\Local\Programs\MiKTeX\tex/generic/uniquecounter\uniquec
ounter.sty
Package: uniquecounter 2019/12/15 v1.4 Provide unlimited unique counter (HO)
)
Package uniquecounter Info: New unique counter `rerunfilecheck' on input line 2
85.
))
(C:\Users\riyac\AppData\Local\Programs\MiKTeX\tex/latex/beamer\beamerbaserequir
es.sty
(C:\Users\riyac\AppData\Local\Programs\MiKTeX\tex/latex/beamer\beamerbasecompat
ibility.sty)
(C:\Users\riyac\AppData\Local\Programs\MiKTeX\tex/latex/beamer\beamerbasefont.s
ty (C:\Users\riyac\AppData\Local\Programs\MiKTeX\tex/latex/amsfonts\amssymb.sty
Package: amssymb 2013/01/14 v3.01 AMS font symbols
(C:\Users\riyac\AppData\Local\Programs\MiKTeX\tex/latex/amsfonts\amsfonts.sty
Package: amsfonts 2013/01/14 v3.01 Basic AMSFonts support
\@emptytoks=\toks28
\symAMSa=\mathgroup4
\symAMSb=\mathgroup5
LaTeX Font Info:    Redeclaring math symbol \hbar on input line 98.
LaTeX Font Info:    Overwriting math alphabet `\mathfrak' in version `bold'
(Font)                  U/euf/m/n --> U/euf/b/n on input line 106.
))
(C:\Users\riyac\AppData\Local\Programs\MiKTeX\tex/latex/sansmathaccent\sansmath
accent.sty
Package: sansmathaccent 2020/01/31

(C:\Users\riyac\AppData\Local\Programs\MiKTeX\tex/latex/koma-script\scrlfile.st
y
Package: scrlfile 2023/04/24 v3.40 KOMA-Script package (file load hooks)

(C:\Users\riyac\AppData\Local\Programs\MiKTeX\tex/latex/koma-script\scrlfile-ho
ok.sty
Package: scrlfile-hook 2023/04/24 v3.40 KOMA-Script package (using LaTeX hooks)


(C:\Users\riyac\AppData\Local\Programs\MiKTeX\tex/latex/koma-script\scrlogo.sty
Package: scrlogo 2023/04/24 v3.40 KOMA-Script package (logo)
)))))
(C:\Users\riyac\AppData\Local\Programs\MiKTeX\tex/latex/beamer\beamerbasetransl
ator.sty
(C:\Users\riyac\AppData\Local\Programs\MiKTeX\tex/latex/translator\translator.s
ty
Package: translator 2021-05-31 v1.12d Easy translation of strings in LaTeX
))
(C:\Users\riyac\AppData\Local\Programs\MiKTeX\tex/latex/beamer\beamerbasemisc.s
ty)
(C:\Users\riyac\AppData\Local\Programs\MiKTeX\tex/latex/beamer\beamerbasetwoscr
eens.sty)
(C:\Users\riyac\AppData\Local\Programs\MiKTeX\tex/latex/beamer\beamerbaseoverla
y.sty
\beamer@argscount=\count307
\beamer@lastskipcover=\skip51
\beamer@trivlistdepth=\count308
)
(C:\Users\riyac\AppData\Local\Programs\MiKTeX\tex/latex/beamer\beamerbasetitle.
sty)
(C:\Users\riyac\AppData\Local\Programs\MiKTeX\tex/latex/beamer\beamerbasesectio
n.sty
\c@lecture=\count309
\c@part=\count310
\c@section=\count311
\c@subsection=\count312
\c@subsubsection=\count313
)
(C:\Users\riyac\AppData\Local\Programs\MiKTeX\tex/latex/beamer\beamerbaseframe.
sty
\beamer@framebox=\box66
\beamer@frametitlebox=\box67
\beamer@zoombox=\box68
\beamer@zoomcount=\count314
\beamer@zoomframecount=\count315
\beamer@frametextheight=\dimen271
\c@subsectionslide=\count316
\beamer@frametopskip=\skip52
\beamer@framebottomskip=\skip53
\beamer@frametopskipautobreak=\skip54
\beamer@framebottomskipautobreak=\skip55
\beamer@envbody=\toks29
\framewidth=\dimen272
\c@framenumber=\count317
)
(C:\Users\riyac\AppData\Local\Programs\MiKTeX\tex/latex/beamer\beamerbaseverbat
im.sty
\beamer@verbatimfileout=\write4
)
(C:\Users\riyac\AppData\Local\Programs\MiKTeX\tex/latex/beamer\beamerbaseframes
ize.sty
\beamer@splitbox=\box69
\beamer@autobreakcount=\count318
\beamer@autobreaklastheight=\dimen273
\beamer@frametitletoks=\toks30
\beamer@framesubtitletoks=\toks31
)
(C:\Users\riyac\AppData\Local\Programs\MiKTeX\tex/latex/beamer\beamerbaseframec
omponents.sty
\beamer@footins=\box70
)
(C:\Users\riyac\AppData\Local\Programs\MiKTeX\tex/latex/beamer\beamerbasecolor.
sty)
(C:\Users\riyac\AppData\Local\Programs\MiKTeX\tex/latex/beamer\beamerbasenotes.
sty
\beamer@frameboxcopy=\box71
)
(C:\Users\riyac\AppData\Local\Programs\MiKTeX\tex/latex/beamer\beamerbasetoc.st
y)
(C:\Users\riyac\AppData\Local\Programs\MiKTeX\tex/latex/beamer\beamerbasetempla
tes.sty
\beamer@sbttoks=\toks32

(C:\Users\riyac\AppData\Local\Programs\MiKTeX\tex/latex/beamer\beamerbaseauxtem
plates.sty
(C:\Users\riyac\AppData\Local\Programs\MiKTeX\tex/latex/beamer\beamerbaseboxes.
sty
\bmb@box=\box72
\bmb@colorbox=\box73
\bmb@boxwidth=\dimen274
\bmb@boxheight=\dimen275
\bmb@prevheight=\dimen276
\bmb@temp=\dimen277
\bmb@dima=\dimen278
\bmb@dimb=\dimen279
\bmb@prevheight=\dimen280
)
\beamer@blockheadheight=\dimen281
))
(C:\Users\riyac\AppData\Local\Programs\MiKTeX\tex/latex/beamer\beamerbaselocals
tructure.sty
(C:\Users\riyac\AppData\Local\Programs\MiKTeX\tex/latex/tools\enumerate.sty
Package: enumerate 2015/07/23 v3.00 enumerate extensions (DPC)
\@enLab=\toks33
)
\beamer@bibiconwidth=\skip56
\c@figure=\count319
\c@table=\count320
\abovecaptionskip=\skip57
\belowcaptionskip=\skip58
)
(C:\Users\riyac\AppData\Local\Programs\MiKTeX\tex/latex/beamer\beamerbasenaviga
tion.sty
(C:\Users\riyac\AppData\Local\Programs\MiKTeX\tex/latex/beamer\beamerbasenaviga
tionsymbols.tex)
\beamer@section@min@dim=\dimen282
)
(C:\Users\riyac\AppData\Local\Programs\MiKTeX\tex/latex/beamer\beamerbasetheore
ms.sty
(C:\Users\riyac\AppData\Local\Programs\MiKTeX\tex/latex/amsmath\amsmath.sty
Package: amsmath 2022/04/08 v2.17n AMS math features
\@mathmargin=\skip59

For additional information on amsmath, use the `?' option.
(C:\Users\riyac\AppData\Local\Programs\MiKTeX\tex/latex/amsmath\amstext.sty
Package: amstext 2021/08/26 v2.01 AMS text

(C:\Users\riyac\AppData\Local\Programs\MiKTeX\tex/latex/amsmath\amsgen.sty
File: amsgen.sty 1999/11/30 v2.0 generic functions
\@emptytoks=\toks34
\ex@=\dimen283
))
(C:\Users\riyac\AppData\Local\Programs\MiKTeX\tex/latex/amsmath\amsbsy.sty
Package: amsbsy 1999/11/29 v1.2d Bold Symbols
\pmbraise@=\dimen284
)
(C:\Users\riyac\AppData\Local\Programs\MiKTeX\tex/latex/amsmath\amsopn.sty
Package: amsopn 2022/04/08 v2.04 operator names
)
\inf@bad=\count321
LaTeX Info: Redefining \frac on input line 234.
\uproot@=\count322
\leftroot@=\count323
LaTeX Info: Redefining \overline on input line 399.
LaTeX Info: Redefining \colon on input line 410.
\classnum@=\count324
\DOTSCASE@=\count325
LaTeX Info: Redefining \ldots on input line 496.
LaTeX Info: Redefining \dots on input line 499.
LaTeX Info: Redefining \cdots on input line 620.
\Mathstrutbox@=\box74
\strutbox@=\box75
LaTeX Info: Redefining \big on input line 722.
LaTeX Info: Redefining \Big on input line 723.
LaTeX Info: Redefining \bigg on input line 724.
LaTeX Info: Redefining \Bigg on input line 725.
\big@size=\dimen285
LaTeX Font Info:    Redeclaring font encoding OML on input line 743.
LaTeX Font Info:    Redeclaring font encoding OMS on input line 744.
\macc@depth=\count326
LaTeX Info: Redefining \bmod on input line 905.
LaTeX Info: Redefining \pmod on input line 910.
LaTeX Info: Redefining \smash on input line 940.
LaTeX Info: Redefining \relbar on input line 970.
LaTeX Info: Redefining \Relbar on input line 971.
\c@MaxMatrixCols=\count327
\dotsspace@=\muskip17
\c@parentequation=\count328
\dspbrk@lvl=\count329
\tag@help=\toks35
\row@=\count330
\column@=\count331
\maxfields@=\count332
\andhelp@=\toks36
\eqnshift@=\dimen286
\alignsep@=\dimen287
\tagshift@=\dimen288
\tagwidth@=\dimen289
\totwidth@=\dimen290
\lineht@=\dimen291
\@envbody=\toks37
\multlinegap=\skip60
\multlinetaggap=\skip61
\mathdisplay@stack=\toks38
LaTeX Info: Redefining \[ on input line 2953.
LaTeX Info: Redefining \] on input line 2954.
)
(C:\Users\riyac\AppData\Local\Programs\MiKTeX\tex/latex/amscls\amsthm.sty
Package: amsthm 2020/05/29 v2.20.6
\thm@style=\toks39
\thm@bodyfont=\toks40
\thm@headfont=\toks41
\thm@notefont=\toks42
\thm@headpunct=\toks43
\thm@preskip=\skip62
\thm@postskip=\skip63
\thm@headsep=\skip64
\dth@everypar=\toks44
)
\c@theorem=\count333
)
(C:\Users\riyac\AppData\Local\Programs\MiKTeX\tex/latex/beamer\beamerbasethemes
.sty))
(C:\Users\riyac\AppData\Local\Programs\MiKTeX\tex/latex/beamer\beamerthemedefau
lt.sty
(C:\Users\riyac\AppData\Local\Programs\MiKTeX\tex/latex/beamer\beamerfontthemed
efault.sty)
(C:\Users\riyac\AppData\Local\Programs\MiKTeX\tex/latex/beamer\beamercolortheme
default.sty)
(C:\Users\riyac\AppData\Local\Programs\MiKTeX\tex/latex/beamer\beamerinnertheme
default.sty
\beamer@dima=\dimen292
\beamer@dimb=\dimen293
)
(C:\Users\riyac\AppData\Local\Programs\MiKTeX\tex/latex/beamer\beameroutertheme
default.sty)))
(C:\Users\riyac\AppData\Local\Programs\MiKTeX\tex/generic/babel\babel.sty
Package: babel 2023/03/28 3.87 The Babel package
\babel@savecnt=\count334
\U@D=\dimen294
\l@unhyphenated=\language79

(C:\Users\riyac\AppData\Local\Programs\MiKTeX\tex/generic/babel\txtbabel.def)
\bbl@readstream=\read3
LaTeX Info: Redefining \textlatin on input line 4095.
\bbl@dirlevel=\count335

*************************************
* Local config file bblopts.cfg used
*
(C:\Users\riyac\AppData\Local\Programs\MiKTeX\tex/latex/arabi\bblopts.cfg
File: bblopts.cfg 2005/09/08 v0.1 add Arabic and Farsi to "declared" options of
 babel
)
(C:\Users\riyac\AppData\Local\Programs\MiKTeX\tex/latex/babel-portuges\brazilia
n.ldf
Language: portuges 2021/07/09 v1.2t Portuguese support from the babel system
Package babel Info: Hyphen rules for 'brazilian' set to \l@portuguese
(babel)             (\language56). Reported on input line 111.
Package babel Info: Making " an active character on input line 143.
)
(C:\Users\riyac\AppData\Local\Programs\MiKTeX\tex/latex/babel-english\english.l
df
Language: english 2017/06/06 v3.3r English support from the babel system
Package babel Info: Hyphen rules for 'canadian' set to \l@english
(babel)             (\language0). Reported on input line 102.
Package babel Info: Hyphen rules for 'australian' set to \l@ukenglish
(babel)             (\language73). Reported on input line 105.
Package babel Info: Hyphen rules for 'newzealand' set to \l@ukenglish
(babel)             (\language73). Reported on input line 108.
))
(C:\Users\riyac\AppData\Local\Programs\MiKTeX\tex/generic/babel/locale/en\babel
-english.tex
Package babel Info: Importing font and identification data for english
(babel)             from babel-en.ini. Reported on input line 11.
)
(C:\Users\riyac\AppData\Local\Programs\MiKTeX\tex/generic/babel/locale/pt\babel
-brazilian.tex
Package babel Info: Importing font and identification data for brazilian
(babel)             from babel-pt-BR.ini. Reported on input line 11.
)
(C:\Users\riyac\AppData\Local\Programs\MiKTeX\tex/latex/base\inputenc.sty
Package: inputenc 2021/02/14 v1.3d Input encoding file
\inpenc@prehook=\toks45
\inpenc@posthook=\toks46
)
(C:\Users\riyac\AppData\Local\Programs\MiKTeX\tex/latex/base\fontenc.sty
Package: fontenc 2021/04/29 v2.0v Standard LaTeX package
)
(C:\Users\riyac\AppData\Local\Programs\MiKTeX\tex/latex/psnfss\helvet.sty
Package: helvet 2020/03/25 PSNFSS-v9.3 (WaS) 
)
(C:\Users\riyac\AppData\Local\Programs\MiKTeX\tex/latex/pdfpages\pdfpages.sty
Package: pdfpages 2022/12/19 v0.5x Insert pages of external PDF documents (AM)

(C:\Users\riyac\AppData\Local\Programs\MiKTeX\tex/latex/base\ifthen.sty
Package: ifthen 2022/04/13 v1.1d Standard LaTeX ifthen package (DPC)
)
(C:\Users\riyac\AppData\Local\Programs\MiKTeX\tex/latex/tools\calc.sty
Package: calc 2017/05/25 v4.3 Infix arithmetic (KKT,FJ)
\calc@Acount=\count336
\calc@Bcount=\count337
\calc@Adimen=\dimen295
\calc@Bdimen=\dimen296
\calc@Askip=\skip65
\calc@Bskip=\skip66
LaTeX Info: Redefining \setlength on input line 80.
LaTeX Info: Redefining \addtolength on input line 81.
\calc@Ccount=\count338
\calc@Cskip=\skip67
)
(C:\Users\riyac\AppData\Local\Programs\MiKTeX\tex/latex/eso-pic\eso-pic.sty
Package: eso-pic 2023/03/23 v3.0b eso-pic (RN)
\ESO@tempdima=\dimen297
\ESO@tempdimb=\dimen298
)
\AM@pagewidth=\dimen299
\AM@pageheight=\dimen300
\AM@fboxrule=\dimen301

(C:\Users\riyac\AppData\Local\Programs\MiKTeX\tex/latex/pdfpages\pppdftex.def
File: pppdftex.def 2022/12/19 v0.5x Pdfpages driver for pdfTeX (AM)
)
\pdfpages@includegraphics@status=\count339
\AM@pagebox=\box76
\AM@global@opts=\toks47
\AM@pagecnt=\count340
\AM@toc@title=\toks48
\AM@lof@heading=\toks49
\c@AM@survey=\count341
\AM@templatesizebox=\box77
) (C:\Users\riyac\AppData\Local\Programs\MiKTeX\tex/latex/caption\caption.sty
Package: caption 2023/03/12 v3.6j Customizing captions (AR)

(C:\Users\riyac\AppData\Local\Programs\MiKTeX\tex/latex/caption\caption3.sty
Package: caption3 2023/03/12 v2.4 caption3 kernel (AR)
\caption@tempdima=\dimen302
\captionmargin=\dimen303
\caption@leftmargin=\dimen304
\caption@rightmargin=\dimen305
\caption@width=\dimen306
\caption@indent=\dimen307
\caption@parindent=\dimen308
\caption@hangindent=\dimen309
Package caption Info: beamer document class detected.

(C:\Users\riyac\AppData\Local\Programs\MiKTeX\tex/latex/caption\caption-beamer.
sto
File: caption-beamer.sto 2022/01/06 v2.0c Adaption of the caption package to th
e beamer document classes (AR)
))
\c@caption@flags=\count342
\c@continuedfloat=\count343
Package caption Info: hyperref package is loaded.
Package caption Info: Hyperref support is turned off
(caption)             because hyperref has stopped early.
)
(C:\Users\riyac\AppData\Local\Programs\MiKTeX\tex/latex/pgf/frontendlayer\tikz.
sty
(C:\Users\riyac\AppData\Local\Programs\MiKTeX\tex/latex/pgf/basiclayer\pgf.sty
Package: pgf 2023-01-15 v3.1.10 (3.1.10)

(C:\Users\riyac\AppData\Local\Programs\MiKTeX\tex/generic/pgf/modules\pgfmodule
shapes.code.tex
File: pgfmoduleshapes.code.tex 2023-01-15 v3.1.10 (3.1.10)
\pgfnodeparttextbox=\box78
)
(C:\Users\riyac\AppData\Local\Programs\MiKTeX\tex/generic/pgf/modules\pgfmodule
plot.code.tex
File: pgfmoduleplot.code.tex 2023-01-15 v3.1.10 (3.1.10)
)
(C:\Users\riyac\AppData\Local\Programs\MiKTeX\tex/latex/pgf/compatibility\pgfco
mp-version-0-65.sty
Package: pgfcomp-version-0-65 2023-01-15 v3.1.10 (3.1.10)
\pgf@nodesepstart=\dimen310
\pgf@nodesepend=\dimen311
)
(C:\Users\riyac\AppData\Local\Programs\MiKTeX\tex/latex/pgf/compatibility\pgfco
mp-version-1-18.sty
Package: pgfcomp-version-1-18 2023-01-15 v3.1.10 (3.1.10)
))
(C:\Users\riyac\AppData\Local\Programs\MiKTeX\tex/latex/pgf/utilities\pgffor.st
y
(C:\Users\riyac\AppData\Local\Programs\MiKTeX\tex/generic/pgf/utilities\pgffor.
code.tex
Package: pgffor 2023-01-15 v3.1.10 (3.1.10)
\pgffor@iter=\dimen312
\pgffor@skip=\dimen313
\pgffor@stack=\toks50
\pgffor@toks=\toks51
))
(C:\Users\riyac\AppData\Local\Programs\MiKTeX\tex/generic/pgf/frontendlayer/tik
z\tikz.code.tex
Package: tikz 2023-01-15 v3.1.10 (3.1.10)

(C:\Users\riyac\AppData\Local\Programs\MiKTeX\tex/generic/pgf/libraries\pgflibr
aryplothandlers.code.tex
File: pgflibraryplothandlers.code.tex 2023-01-15 v3.1.10 (3.1.10)
\pgf@plot@mark@count=\count344
\pgfplotmarksize=\dimen314
)
\tikz@lastx=\dimen315
\tikz@lasty=\dimen316
\tikz@lastxsaved=\dimen317
\tikz@lastysaved=\dimen318
\tikz@lastmovetox=\dimen319
\tikz@lastmovetoy=\dimen320
\tikzleveldistance=\dimen321
\tikzsiblingdistance=\dimen322
\tikz@figbox=\box79
\tikz@figbox@bg=\box80
\tikz@tempbox=\box81
\tikz@tempbox@bg=\box82
\tikztreelevel=\count345
\tikznumberofchildren=\count346
\tikznumberofcurrentchild=\count347
\tikz@fig@count=\count348

(C:\Users\riyac\AppData\Local\Programs\MiKTeX\tex/generic/pgf/modules\pgfmodule
matrix.code.tex
File: pgfmodulematrix.code.tex 2023-01-15 v3.1.10 (3.1.10)
\pgfmatrixcurrentrow=\count349
\pgfmatrixcurrentcolumn=\count350
\pgf@matrix@numberofcolumns=\count351
)
\tikz@expandcount=\count352

(C:\Users\riyac\AppData\Local\Programs\MiKTeX\tex/generic/pgf/frontendlayer/tik
z/libraries\tikzlibrarytopaths.code.tex
File: tikzlibrarytopaths.code.tex 2023-01-15 v3.1.10 (3.1.10)
)))
(C:\Users\riyac\AppData\Local\Programs\MiKTeX\tex/latex/listings\listings.sty
\lst@mode=\count353
\lst@gtempboxa=\box83
\lst@token=\toks52
\lst@length=\count354
\lst@currlwidth=\dimen323
\lst@column=\count355
\lst@pos=\count356
\lst@lostspace=\dimen324
\lst@width=\dimen325
\lst@newlines=\count357
\lst@lineno=\count358
\lst@maxwidth=\dimen326

(C:\Users\riyac\AppData\Local\Programs\MiKTeX\tex/latex/listings\lstmisc.sty
File: lstmisc.sty 2023/02/27 1.9 (Carsten Heinz)
\c@lstnumber=\count359
\lst@skipnumbers=\count360
\lst@framebox=\box84
)
(C:\Users\riyac\AppData\Local\Programs\MiKTeX\tex/latex/listings\listings.cfg
File: listings.cfg 2023/02/27 1.9 listings configuration
))
Package: listings 2023/02/27 1.9 (Carsten Heinz)

(C:\Users\riyac\AppData\Local\Programs\MiKTeX\tex/latex/tcolorbox\tcolorbox.sty
Package: tcolorbox 2023/03/17 version 6.0.3 text color boxes
(C:\Users\riyac\AppData\Local\Programs\MiKTeX\tex/latex/tools\verbatim.sty
Package: verbatim 2022-07-02 v1.5u LaTeX2e package for verbatim enhancements
\every@verbatim=\toks53
\verbatim@line=\toks54
\verbatim@in@stream=\read4
)
(C:\Users\riyac\AppData\Local\Programs\MiKTeX\tex/latex/environ\environ.sty
Package: environ 2014/05/04 v0.3 A new way to define environments

(C:\Users\riyac\AppData\Local\Programs\MiKTeX\tex/latex/trimspaces\trimspaces.s
ty
Package: trimspaces 2009/09/17 v1.1 Trim spaces around a token list
))
\tcb@titlebox=\box85
\tcb@upperbox=\box86
\tcb@lowerbox=\box87
\tcb@phantombox=\box88
\c@tcbbreakpart=\count361
\c@tcblayer=\count362
\c@tcolorbox@number=\count363
\tcb@temp=\box89
\tcb@temp=\box90
\tcb@temp=\box91
\tcb@temp=\box92
)
(C:\Users\riyac\AppData\Local\Programs\MiKTeX\tex/latex/tools\tabularx.sty
Package: tabularx 2020/01/15 v2.11c `tabularx' package (DPC)

(C:\Users\riyac\AppData\Local\Programs\MiKTeX\tex/latex/tools\array.sty
Package: array 2022/09/04 v2.5g Tabular extension package (FMi)
\col@sep=\dimen327
\ar@mcellbox=\box93
\extrarowheight=\dimen328
\NC@list=\toks55
\extratabsurround=\skip68
\backup@length=\skip69
\ar@cellbox=\box94
)
\TX@col@width=\dimen329
\TX@old@table=\dimen330
\TX@old@col=\dimen331
\TX@target=\dimen332
\TX@delta=\dimen333
\TX@cols=\count364
\TX@ftn=\toks56
)
(C:\Users\riyac\AppData\Local\Programs\MiKTeX\tex/latex/colortbl\colortbl.sty
Package: colortbl 2022/06/20 v1.0f Color table columns (DPC)
\everycr=\toks57
\minrowclearance=\skip70
\rownum=\count365
)
(C:\Users\riyac\AppData\Local\Programs\MiKTeX\tex/latex/tcolorbox\tcbskins.code
.tex
Library (tcolorbox): 'tcbskins.code.tex' version '6.0.3'

(C:\Users\riyac\AppData\Local\Programs\MiKTeX\tex/latex/tikzfill\tikzfill.image
.sty
Package: tikzfill.image 2022/07/20 v1.0.0 Image filling library for TikZ

(C:\Users\riyac\AppData\Local\Programs\MiKTeX\tex/latex/tikzfill\tikzfill-commo
n.sty
Package: tikzfill-common 2022/07/20 v1.0.0 Auxiliary code for tikzfill
)
(C:\Users\riyac\AppData\Local\Programs\MiKTeX\tex/latex/tikzfill\tikzlibraryfil
l.image.code.tex
File: tikzlibraryfill.image.code.tex 2022/07/20 v1.0.0 Image filling library
\l__tikzfill_img_box=\box95
))
(C:\Users\riyac\AppData\Local\Programs\MiKTeX\tex/latex/tcolorbox\tcbskinsjigsa
w.code.tex
Library (tcolorbox): 'tcbskinsjigsaw.code.tex' version '6.0.3'
))
(C:\Users\riyac\AppData\Local\Programs\MiKTeX\tex/latex/beamer\beamercolortheme
structure.sty)
(C:\Users\riyac\AppData\Local\Programs\MiKTeX\tex/latex/beamer\beamerinnertheme
rectangles.sty)
(C:\Users\riyac\AppData\Local\Programs\MiKTeX\tex/latex/beamer\beameroutertheme
miniframes.sty)
(C:\Users\riyac\AppData\Local\Programs\MiKTeX\tex/latex/listings\lstlang1.sty
File: lstlang1.sty 2023/02/27 1.9 listings language file
))
LaTeX Font Info:    Trying to load font information for T1+phv on input line 23
.
(C:\Users\riyac\AppData\Local\Programs\MiKTeX\tex/latex/psnfss\t1phv.fd
File: t1phv.fd 2020/03/25 scalable font definitions for T1/phv.
)
(C:\Users\riyac\AppData\Local\Programs\MiKTeX\tex/latex/l3backend\l3backend-pdf
tex.def
File: l3backend-pdftex.def 2023-03-30 L3 backend support: PDF output (pdfTeX)
\l__color_backend_stack_int=\count366
\l__pdf_internal_box=\box96
) (main.aux)
\openout1 = `main.aux'.

LaTeX Font Info:    Checking defaults for OML/cmm/m/it on input line 23.
LaTeX Font Info:    ... okay on input line 23.
LaTeX Font Info:    Checking defaults for OMS/cmsy/m/n on input line 23.
LaTeX Font Info:    ... okay on input line 23.
LaTeX Font Info:    Checking defaults for OT1/cmr/m/n on input line 23.
LaTeX Font Info:    ... okay on input line 23.
LaTeX Font Info:    Checking defaults for T1/cmr/m/n on input line 23.
LaTeX Font Info:    ... okay on input line 23.
LaTeX Font Info:    Checking defaults for TS1/cmr/m/n on input line 23.
LaTeX Font Info:    ... okay on input line 23.
LaTeX Font Info:    Checking defaults for OMX/cmex/m/n on input line 23.
LaTeX Font Info:    ... okay on input line 23.
LaTeX Font Info:    Checking defaults for U/cmr/m/n on input line 23.
LaTeX Font Info:    ... okay on input line 23.
LaTeX Font Info:    Checking defaults for PD1/pdf/m/n on input line 23.
LaTeX Font Info:    ... okay on input line 23.
LaTeX Font Info:    Checking defaults for PU/pdf/m/n on input line 23.
LaTeX Font Info:    ... okay on input line 23.

*geometry* driver: auto-detecting
*geometry* detected driver: pdftex
*geometry* verbose mode - [ preamble ] result:
* driver: pdftex
* paper: custom
* layout: <same size as paper>
* layoutoffset:(h,v)=(0.0pt,0.0pt)
* modes: includehead includefoot 
* h-part:(L,W,R)=(28.45274pt, 307.28987pt, 28.45274pt)
* v-part:(T,H,B)=(0.0pt, 273.14662pt, 0.0pt)
* \paperwidth=364.19536pt
* \paperheight=273.14662pt
* \textwidth=307.28987pt
* \textheight=244.6939pt
* \oddsidemargin=-43.81725pt
* \evensidemargin=-43.81725pt
* \topmargin=-72.26999pt
* \headheight=14.22636pt
* \headsep=0.0pt
* \topskip=9.0pt
* \footskip=14.22636pt
* \marginparwidth=4.0pt
* \marginparsep=10.0pt
* \columnsep=10.0pt
* \skip\footins=7.0pt plus 4.0pt minus 2.0pt
* \hoffset=0.0pt
* \voffset=0.0pt
* \mag=1000
* \@twocolumnfalse
* \@twosidefalse
* \@mparswitchfalse
* \@reversemarginfalse
* (1in=72.27pt=25.4mm, 1cm=28.453pt)


(C:\Users\riyac\AppData\Local\Programs\MiKTeX\tex/context/base/mkii\supp-pdf.mk
ii
[Loading MPS to PDF converter (version 2006.09.02).]
\scratchcounter=\count367
\scratchdimen=\dimen334
\scratchbox=\box97
\nofMPsegments=\count368
\nofMParguments=\count369
\everyMPshowfont=\toks58
\MPscratchCnt=\count370
\MPscratchDim=\dimen335
\MPnumerator=\count371
\makeMPintoPDFobject=\count372
\everyMPtoPDFconversion=\toks59
)
(C:\Users\riyac\AppData\Local\Programs\MiKTeX\tex/latex/epstopdf-pkg\epstopdf-b
ase.sty
Package: epstopdf-base 2020-01-24 v2.11 Base part for package epstopdf
Package epstopdf-base Info: Redefining graphics rule for `.eps' on input line 4
85.

(C:\Users\riyac\AppData\Local\Programs\MiKTeX\tex/latex/00miktex\epstopdf-sys.c
fg
File: epstopdf-sys.cfg 2021/03/18 v2.0 Configuration of epstopdf for MiKTeX
))
Package hyperref Info: Link coloring OFF on input line 23.
 (main.out) (main.out)
\@outlinefile=\write5
\openout5 = `main.out'.

LaTeX Font Info:    Overwriting symbol font `operators' in version `normal'
(Font)                  OT1/cmr/m/n --> OT1/cmss/m/n on input line 23.
LaTeX Font Info:    Overwriting symbol font `operators' in version `bold'
(Font)                  OT1/cmr/bx/n --> OT1/cmss/b/n on input line 23.
\symnumbers=\mathgroup6
\sympureletters=\mathgroup7
LaTeX Font Info:    Overwriting math alphabet `\mathrm' in version `normal'
(Font)                  OT1/cmss/m/n --> T1/cmr/m/n on input line 23.
LaTeX Font Info:    Redeclaring math alphabet \mathbf on input line 23.
LaTeX Font Info:    Overwriting math alphabet `\mathbf' in version `normal'
(Font)                  OT1/cmr/bx/n --> T1/phv/b/n on input line 23.
LaTeX Font Info:    Overwriting math alphabet `\mathbf' in version `bold'
(Font)                  OT1/cmr/bx/n --> T1/phv/b/n on input line 23.
LaTeX Font Info:    Redeclaring math alphabet \mathsf on input line 23.
LaTeX Font Info:    Overwriting math alphabet `\mathsf' in version `normal'
(Font)                  OT1/cmss/m/n --> T1/phv/m/n on input line 23.
LaTeX Font Info:    Overwriting math alphabet `\mathsf' in version `bold'
(Font)                  OT1/cmss/bx/n --> T1/phv/m/n on input line 23.
LaTeX Font Info:    Redeclaring math alphabet \mathit on input line 23.
LaTeX Font Info:    Overwriting math alphabet `\mathit' in version `normal'
(Font)                  OT1/cmr/m/it --> T1/phv/m/it on input line 23.
LaTeX Font Info:    Overwriting math alphabet `\mathit' in version `bold'
(Font)                  OT1/cmr/bx/it --> T1/phv/m/it on input line 23.
LaTeX Font Info:    Redeclaring math alphabet \mathtt on input line 23.
LaTeX Font Info:    Overwriting math alphabet `\mathtt' in version `normal'
(Font)                  OT1/cmtt/m/n --> T1/cmtt/m/n on input line 23.
LaTeX Font Info:    Overwriting math alphabet `\mathtt' in version `bold'
(Font)                  OT1/cmtt/m/n --> T1/cmtt/m/n on input line 23.
LaTeX Font Info:    Overwriting symbol font `numbers' in version `bold'
(Font)                  T1/phv/m/n --> T1/phv/b/n on input line 23.
LaTeX Font Info:    Overwriting symbol font `pureletters' in version `bold'
(Font)                  T1/phv/m/it --> T1/phv/b/it on input line 23.
LaTeX Font Info:    Overwriting math alphabet `\mathrm' in version `bold'
(Font)                  OT1/cmss/b/n --> T1/cmr/b/n on input line 23.
LaTeX Font Info:    Overwriting math alphabet `\mathbf' in version `bold'
(Font)                  T1/phv/b/n --> T1/phv/b/n on input line 23.
LaTeX Font Info:    Overwriting math alphabet `\mathsf' in version `bold'
(Font)                  T1/phv/m/n --> T1/phv/b/n on input line 23.
LaTeX Font Info:    Overwriting math alphabet `\mathit' in version `bold'
(Font)                  T1/phv/m/it --> T1/phv/b/it on input line 23.
LaTeX Font Info:    Overwriting math alphabet `\mathtt' in version `bold'
(Font)                  T1/cmtt/m/n --> T1/cmtt/b/n on input line 23.

(C:\Users\riyac\AppData\Local\Programs\MiKTeX\tex/latex/translator\translator-b
asic-dictionary-English.dict
Dictionary: translator-basic-dictionary, Language: English 
)
(C:\Users\riyac\AppData\Local\Programs\MiKTeX\tex/latex/translator\translator-b
ibliography-dictionary-English.dict
Dictionary: translator-bibliography-dictionary, Language: English 
)
(C:\Users\riyac\AppData\Local\Programs\MiKTeX\tex/latex/translator\translator-e
nvironment-dictionary-English.dict
Dictionary: translator-environment-dictionary, Language: English 
)
(C:\Users\riyac\AppData\Local\Programs\MiKTeX\tex/latex/translator\translator-m
onths-dictionary-English.dict
Dictionary: translator-months-dictionary, Language: English 
)
(C:\Users\riyac\AppData\Local\Programs\MiKTeX\tex/latex/translator\translator-n
umbers-dictionary-English.dict
Dictionary: translator-numbers-dictionary, Language: English 
)
(C:\Users\riyac\AppData\Local\Programs\MiKTeX\tex/latex/translator\translator-t
heorem-dictionary-English.dict
Dictionary: translator-theorem-dictionary, Language: English 
)
(C:\Users\riyac\AppData\Local\Programs\MiKTeX\tex/latex/pdflscape\pdflscape.sty
Package: pdflscape 2022-10-27 v0.13 Display of landscape pages in PDF

(C:\Users\riyac\AppData\Local\Programs\MiKTeX\tex/latex/pdflscape\pdflscape-nom
etadata.sty
Package: pdflscape-nometadata 2022-10-28 v0.13 Display of landscape pages in PD
F (HO)

(C:\Users\riyac\AppData\Local\Programs\MiKTeX\tex/latex/graphics\lscape.sty
Package: lscape 2020/05/28 v3.02 Landscape Pages (DPC)
)
Package pdflscape Info: Auto-detected driver: pdftex on input line 81.
))
Package caption Info: Begin \AtBeginDocument code.
Package caption Info: listings package is loaded.
Package caption Info: End \AtBeginDocument code.
\c@lstlisting=\count373

(main.nav)
Overfull \hbox (1.38991pt too wide) in paragraph at lines 23--23
[][]  
 []


Overfull \hbox (72.23663pt too wide) detected at line 23
  [] [][][][][][][][] [][][][][][][] [][][][][][][][][] [][][][][][][] [][][][]
[][][] [][][][] [][][] [][][] [][][][][] [][][][] [][][] [][][][][]  
 []

<images/logo.png, id=158, 2007.5pt x 2689.04625pt>
File: images/logo.png Graphic file (type png)
<use images/logo.png>
Package pdftex.def Info: images/logo.png  used on input line 27.
(pdftex.def)             Requested size: 16.05113pt x 21.50049pt.

Overfull \hbox (72.23663pt too wide) has occurred while \output is active
  [] [][][][][][][][] [][][][][][][] [][][][][][][][][] [][][][][][][] [][][][]
[][][] [][][][] [][][] [][][] [][][][][] [][][][] [][][] [][][][][]  
 []


Overfull \hbox (1.38991pt too wide) has occurred while \output is active
[][] 
 []

[1{C:/Users/riyac/AppData/Local/MiKTeX/fonts/map/pdftex/pdftex.map}{C:/Users/ri
yac/AppData/Local/Programs/MiKTeX/fonts/enc/dvips/base/8r.enc}

 <./images/logo.png>]
File: images/logo.png Graphic file (type png)
<use images/logo.png>
Package pdftex.def Info: images/logo.png  used on input line 34.
(pdftex.def)             Requested size: 16.05113pt x 21.50049pt.

Overfull \hbox (72.23663pt too wide) has occurred while \output is active
  [] [][][][][][][][] [][][][][][][] [][][][][][][][][] [][][][][][][] [][][][]
[][][] [][][][] [][][] [][][] [][][][][] [][][][] [][][] [][][][][]  
 []


Overfull \hbox (1.38991pt too wide) has occurred while \output is active
[][] 
 []

[2

]
! Misplaced alignment tab character &.
\beamer@doifinframe ...operties, Characteristics &
                                                   Disadvantages \item Role ...
l.69 \end{frame}
                
I can't figure out why you would want to use a tab mark
here. If you just want an ampersand, the remedy is
simple: Just type `I\&' now. But if some right brace
up above has ended a previous alignment prematurely,
you're probably due for more error messages, and you
might try typing `S' now just to see what is salvageable.

File: images/logo.png Graphic file (type png)
<use images/logo.png>
Package pdftex.def Info: images/logo.png  used on input line 69.
(pdftex.def)             Requested size: 16.05113pt x 21.50049pt.

Overfull \hbox (72.23663pt too wide) has occurred while \output is active
  [] [][][][][][][][] [][][][][][][] [][][][][][][][][] [][][][][][][] [][][][]
[][][] [][][][] [][][] [][][] [][][][][] [][][][] [][][] [][][][][]  
 []


Overfull \hbox (1.38991pt too wide) has occurred while \output is active
[][] 
 []

[3

]
! Misplaced alignment tab character &.
\beamer@doifinframe ...king at Data, Scalability &
                                                   Cloud Services \item Data...
l.93 \end{frame}
                
I can't figure out why you would want to use a tab mark
here. If you just want an ampersand, the remedy is
simple: Just type `I\&' now. But if some right brace
up above has ended a previous alignment prematurely,
you're probably due for more error messages, and you
might try typing `S' now just to see what is salvageable.

! Misplaced alignment tab character &.
\beamer@doifinframe ...d Services \item Database &
                                                   Data Stores in Cloud \ite...
l.93 \end{frame}
                
I can't figure out why you would want to use a tab mark
here. If you just want an ampersand, the remedy is
simple: Just type `I\&' now. But if some right brace
up above has ended a previous alignment prematurely,
you're probably due for more error messages, and you
might try typing `S' now just to see what is salvageable.

File: images/logo.png Graphic file (type png)
<use images/logo.png>
Package pdftex.def Info: images/logo.png  used on input line 93.
(pdftex.def)             Requested size: 16.05113pt x 21.50049pt.

Overfull \hbox (72.23663pt too wide) has occurred while \output is active
  [] [][][][][][][][] [][][][][][][] [][][][][][][][][] [][][][][][][] [][][][]
[][][] [][][][] [][][] [][][] [][][][][] [][][][] [][][] [][][][][]  
 []


Overfull \hbox (1.38991pt too wide) has occurred while \output is active
[][] 
 []

[4

]
File: images/logo.png Graphic file (type png)
<use images/logo.png>
Package pdftex.def Info: images/logo.png  used on input line 111.
(pdftex.def)             Requested size: 16.05113pt x 21.50049pt.

Overfull \hbox (72.23663pt too wide) has occurred while \output is active
  [] [][][][][][][][] [][][][][][][] [][][][][][][][][] [][][][][][][] [][][][]
[][][] [][][][] [][][] [][][] [][][][][] [][][][] [][][] [][][][][]  
 []


Overfull \hbox (1.38991pt too wide) has occurred while \output is active
[][] 
 []

[5

]
File: images/logo.png Graphic file (type png)
<use images/logo.png>
Package pdftex.def Info: images/logo.png  used on input line 113.
(pdftex.def)             Requested size: 16.05113pt x 21.50049pt.

Overfull \hbox (72.23663pt too wide) has occurred while \output is active
  [] [][][][][][][][] [][][][][][][] [][][][][][][][][] [][][][][][][] [][][][]
[][][] [][][][] [][][] [][][] [][][][][] [][][][] [][][] [][][][][]  
 []


Overfull \hbox (1.38991pt too wide) has occurred while \output is active
[][] 
 []

[6

]
<1.png, id=655, 277.63725pt x 118.64325pt>
File: 1.png Graphic file (type png)
<use 1.png>
Package pdftex.def Info: 1.png  used on input line 118.
(pdftex.def)             Requested size: 333.16302pt x 142.37117pt.

Overfull \hbox (25.87315pt too wide) in paragraph at lines 118--118
[][]  
 []

File: images/logo.png Graphic file (type png)
<use images/logo.png>
Package pdftex.def Info: images/logo.png  used on input line 118.
(pdftex.def)             Requested size: 16.05113pt x 21.50049pt.

Overfull \hbox (72.23663pt too wide) has occurred while \output is active
  [] [][][][][][][][] [][][][][][][] [][][][][][][][][] [][][][][][][] [][][][]
[][][] [][][][] [][][] [][][] [][][][][] [][][][] [][][] [][][][][]  
 []


Overfull \hbox (1.38991pt too wide) has occurred while \output is active
[][] 
 []

[7

 <./1.png>]
<2.png, id=728, 118.041pt x 65.043pt>
File: 2.png Graphic file (type png)
<use 2.png>
Package pdftex.def Info: 2.png  used on input line 153.
(pdftex.def)             Requested size: 141.64847pt x 78.0512pt.
File: images/logo.png Graphic file (type png)
<use images/logo.png>
Package pdftex.def Info: images/logo.png  used on input line 153.
(pdftex.def)             Requested size: 16.05113pt x 21.50049pt.

Overfull \hbox (72.23663pt too wide) has occurred while \output is active
  [] [][][][][][][][] [][][][][][][] [][][][][][][][][] [][][][][][][] [][][][]
[][][] [][][][] [][][] [][][] [][][][][] [][][][] [][][] [][][][][]  
 []


Overfull \hbox (1.38991pt too wide) has occurred while \output is active
[][] 
 []

[8

 <./2.png>]
File: images/logo.png Graphic file (type png)
<use images/logo.png>
Package pdftex.def Info: images/logo.png  used on input line 166.
(pdftex.def)             Requested size: 16.05113pt x 21.50049pt.

Overfull \hbox (72.23663pt too wide) has occurred while \output is active
  [] [][][][][][][][] [][][][][][][] [][][][][][][][][] [][][][][][][] [][][][]
[][][] [][][][] [][][] [][][] [][][][][] [][][][] [][][] [][][][][]  
 []


Overfull \hbox (1.38991pt too wide) has occurred while \output is active
[][] 
 []

[9

]
File: images/logo.png Graphic file (type png)
<use images/logo.png>
Package pdftex.def Info: images/logo.png  used on input line 179.
(pdftex.def)             Requested size: 16.05113pt x 21.50049pt.

Overfull \hbox (72.23663pt too wide) has occurred while \output is active
  [] [][][][][][][][] [][][][][][][] [][][][][][][][][] [][][][][][][] [][][][]
[][][] [][][][] [][][] [][][] [][][][][] [][][][] [][][] [][][][][]  
 []


Overfull \hbox (1.38991pt too wide) has occurred while \output is active
[][] 
 []

[10

]
File: images/logo.png Graphic file (type png)
<use images/logo.png>
Package pdftex.def Info: images/logo.png  used on input line 212.
(pdftex.def)             Requested size: 16.05113pt x 21.50049pt.

Overfull \hbox (72.23663pt too wide) has occurred while \output is active
  [] [][][][][][][][] [][][][][][][] [][][][][][][][][] [][][][][][][] [][][][]
[][][] [][][][] [][][] [][][] [][][][][] [][][][] [][][] [][][][][]  
 []


Overfull \hbox (1.38991pt too wide) has occurred while \output is active
[][] 
 []

[11

]
File: images/logo.png Graphic file (type png)
<use images/logo.png>
Package pdftex.def Info: images/logo.png  used on input line 238.
(pdftex.def)             Requested size: 16.05113pt x 21.50049pt.

Overfull \hbox (72.23663pt too wide) has occurred while \output is active
  [] [][][][][][][][] [][][][][][][] [][][][][][][][][] [][][][][][][] [][][][]
[][][] [][][][] [][][] [][][] [][][][][] [][][][] [][][] [][][][][]  
 []


Overfull \hbox (1.38991pt too wide) has occurred while \output is active
[][] 
 []

[12

]
File: images/logo.png Graphic file (type png)
<use images/logo.png>
Package pdftex.def Info: images/logo.png  used on input line 241.
(pdftex.def)             Requested size: 16.05113pt x 21.50049pt.

Overfull \hbox (72.23663pt too wide) has occurred while \output is active
  [] [][][][][][][][] [][][][][][][] [][][][][][][][][] [][][][][][][] [][][][]
[][][] [][][][] [][][] [][][] [][][][][] [][][][] [][][] [][][][][]  
 []


Overfull \hbox (1.38991pt too wide) has occurred while \output is active
[][] 
 []

[13

]
File: images/logo.png Graphic file (type png)
<use images/logo.png>
Package pdftex.def Info: images/logo.png  used on input line 245.
(pdftex.def)             Requested size: 16.05113pt x 21.50049pt.

Overfull \hbox (72.23663pt too wide) has occurred while \output is active
  [] [][][][][][][][] [][][][][][][] [][][][][][][][][] [][][][][][][] [][][][]
[][][] [][][][] [][][] [][][] [][][][][] [][][][] [][][] [][][][][]  
 []


Overfull \hbox (1.38991pt too wide) has occurred while \output is active
[][] 
 []

[14

]
File: images/logo.png Graphic file (type png)
<use images/logo.png>
Package pdftex.def Info: images/logo.png  used on input line 271.
(pdftex.def)             Requested size: 16.05113pt x 21.50049pt.

Overfull \hbox (72.23663pt too wide) has occurred while \output is active
  [] [][][][][][][][] [][][][][][][] [][][][][][][][][] [][][][][][][] [][][][]
[][][] [][][][] [][][] [][][] [][][][][] [][][][] [][][] [][][][][]  
 []


Overfull \hbox (1.38991pt too wide) has occurred while \output is active
[][] 
 []

[15

]
File: images/logo.png Graphic file (type png)
<use images/logo.png>
Package pdftex.def Info: images/logo.png  used on input line 290.
(pdftex.def)             Requested size: 16.05113pt x 21.50049pt.

Overfull \hbox (72.23663pt too wide) has occurred while \output is active
  [] [][][][][][][][] [][][][][][][] [][][][][][][][][] [][][][][][][] [][][][]
[][][] [][][][] [][][] [][][] [][][][][] [][][][] [][][] [][][][][]  
 []


Overfull \hbox (1.38991pt too wide) has occurred while \output is active
[][] 
 []

[16

]
<3.png, id=1374, 266.1945pt x 79.497pt>
File: 3.png Graphic file (type png)
<use 3.png>
Package pdftex.def Info: 3.png  used on input line 294.
(pdftex.def)             Requested size: 319.4318pt x 95.3959pt.

Overfull \hbox (12.14192pt too wide) in paragraph at lines 294--294
[][]  
 []

File: images/logo.png Graphic file (type png)
<use images/logo.png>
Package pdftex.def Info: images/logo.png  used on input line 294.
(pdftex.def)             Requested size: 16.05113pt x 21.50049pt.

Overfull \hbox (72.23663pt too wide) has occurred while \output is active
  [] [][][][][][][][] [][][][][][][] [][][][][][][][][] [][][][][][][] [][][][]
[][][] [][][][] [][][] [][][] [][][][][] [][][][] [][][] [][][][][]  
 []


Overfull \hbox (1.38991pt too wide) has occurred while \output is active
[][] 
 []

[17

 <./3.png>]
<4.png, id=1446, 217.41225pt x 112.62074pt>
File: 4.png Graphic file (type png)
<use 4.png>
Package pdftex.def Info: 4.png  used on input line 299.
(pdftex.def)             Requested size: 304.37505pt x 157.66794pt.
File: images/logo.png Graphic file (type png)
<use images/logo.png>
Package pdftex.def Info: images/logo.png  used on input line 299.
(pdftex.def)             Requested size: 16.05113pt x 21.50049pt.

Overfull \hbox (72.23663pt too wide) has occurred while \output is active
  [] [][][][][][][][] [][][][][][][] [][][][][][][][][] [][][][][][][] [][][][]
[][][] [][][][] [][][] [][][] [][][][][] [][][][] [][][] [][][][][]  
 []


Overfull \hbox (1.38991pt too wide) has occurred while \output is active
[][] 
 []

[18

 <./4.png>]
File: images/logo.png Graphic file (type png)
<use images/logo.png>
Package pdftex.def Info: images/logo.png  used on input line 302.
(pdftex.def)             Requested size: 16.05113pt x 21.50049pt.

Overfull \hbox (72.23663pt too wide) has occurred while \output is active
  [] [][][][][][][][] [][][][][][][] [][][][][][][][][] [][][][][][][] [][][][]
[][][] [][][][] [][][] [][][] [][][][][] [][][][] [][][] [][][][][]  
 []


Overfull \hbox (1.38991pt too wide) has occurred while \output is active
[][] 
 []

[19

]
File: images/logo.png Graphic file (type png)
<use images/logo.png>
Package pdftex.def Info: images/logo.png  used on input line 327.
(pdftex.def)             Requested size: 16.05113pt x 21.50049pt.

Overfull \hbox (72.23663pt too wide) has occurred while \output is active
  [] [][][][][][][][] [][][][][][][] [][][][][][][][][] [][][][][][][] [][][][]
[][][] [][][][] [][][] [][][] [][][][][] [][][][] [][][] [][][][][]  
 []


Overfull \hbox (1.38991pt too wide) has occurred while \output is active
[][] 
 []

[20

]
File: images/logo.png Graphic file (type png)
<use images/logo.png>
Package pdftex.def Info: images/logo.png  used on input line 342.
(pdftex.def)             Requested size: 16.05113pt x 21.50049pt.

Overfull \hbox (72.23663pt too wide) has occurred while \output is active
  [] [][][][][][][][] [][][][][][][] [][][][][][][][][] [][][][][][][] [][][][]
[][][] [][][][] [][][] [][][] [][][][][] [][][][] [][][] [][][][][]  
 []


Overfull \hbox (1.38991pt too wide) has occurred while \output is active
[][] 
 []

[21

]
! Misplaced alignment tab character &.
\beamer@doifinframe ...lysis, data visualization &
                                                   collaborations \item Comp...
l.359 \end{frame}
                 
I can't figure out why you would want to use a tab mark
here. If you just want an ampersand, the remedy is
simple: Just type `I\&' now. But if some right brace
up above has ended a previous alignment prematurely,
you're probably due for more error messages, and you
might try typing `S' now just to see what is salvageable.

! Misplaced alignment tab character &.
\beamer@doifinframe ...item Computer Simulations &
                                                   Modelling are more cost e...
l.359 \end{frame}
                 
I can't figure out why you would want to use a tab mark
here. If you just want an ampersand, the remedy is
simple: Just type `I\&' now. But if some right brace
up above has ended a previous alignment prematurely,
you're probably due for more error messages, and you
might try typing `S' now just to see what is salvageable.

! Misplaced alignment tab character &.
\beamer@doifinframe ...are becoming more complex &
                                                   users need more accurate,...
l.359 \end{frame}
                 
I can't figure out why you would want to use a tab mark
here. If you just want an ampersand, the remedy is
simple: Just type `I\&' now. But if some right brace
up above has ended a previous alignment prematurely,
you're probably due for more error messages, and you
might try typing `S' now just to see what is salvageable.

File: images/logo.png Graphic file (type png)
<use images/logo.png>
Package pdftex.def Info: images/logo.png  used on input line 359.
(pdftex.def)             Requested size: 16.05113pt x 21.50049pt.

Overfull \hbox (72.23663pt too wide) has occurred while \output is active
  [] [][][][][][][][] [][][][][][][] [][][][][][][][][] [][][][][][][] [][][][]
[][][] [][][][] [][][] [][][] [][][][][] [][][][] [][][] [][][][][]  
 []


Overfull \hbox (1.38991pt too wide) has occurred while \output is active
[][] 
 []

[22

]
<5.png, id=1812, 299.31825pt x 118.64325pt>
File: 5.png Graphic file (type png)
<use 5.png>
Package pdftex.def Info: 5.png  used on input line 365.
(pdftex.def)             Requested size: 299.31752pt x 118.64294pt.
File: images/logo.png Graphic file (type png)
<use images/logo.png>
Package pdftex.def Info: images/logo.png  used on input line 365.
(pdftex.def)             Requested size: 16.05113pt x 21.50049pt.

Overfull \hbox (72.23663pt too wide) has occurred while \output is active
  [] [][][][][][][][] [][][][][][][] [][][][][][][][][] [][][][][][][] [][][][]
[][][] [][][][] [][][] [][][] [][][][][] [][][][] [][][] [][][][][]  
 []


Overfull \hbox (1.38991pt too wide) has occurred while \output is active
[][] 
 []

[23

 <./5.png>]
File: images/logo.png Graphic file (type png)
<use images/logo.png>
Package pdftex.def Info: images/logo.png  used on input line 381.
(pdftex.def)             Requested size: 16.05113pt x 21.50049pt.

Overfull \hbox (72.23663pt too wide) has occurred while \output is active
  [] [][][][][][][][] [][][][][][][] [][][][][][][][][] [][][][][][][] [][][][]
[][][] [][][][] [][][] [][][] [][][][][] [][][][] [][][] [][][][][]  
 []


Overfull \hbox (1.38991pt too wide) has occurred while \output is active
[][] 
 []

[24

]
File: images/logo.png Graphic file (type png)
<use images/logo.png>
Package pdftex.def Info: images/logo.png  used on input line 398.
(pdftex.def)             Requested size: 16.05113pt x 21.50049pt.

Overfull \hbox (72.23663pt too wide) has occurred while \output is active
  [] [][][][][][][][] [][][][][][][] [][][][][][][][][] [][][][][][][] [][][][]
[][][] [][][][] [][][] [][][] [][][][][] [][][][] [][][] [][][][][]  
 []


Overfull \hbox (1.38991pt too wide) has occurred while \output is active
[][] 
 []

[25

]
<6.png, id=2025, 262.581pt x 115.632pt>
File: 6.png Graphic file (type png)
<use 6.png>
Package pdftex.def Info: 6.png  used on input line 402.
(pdftex.def)             Requested size: 315.0956pt x 138.75769pt.

Overfull \hbox (7.80573pt too wide) in paragraph at lines 402--402
[][]  
 []

File: images/logo.png Graphic file (type png)
<use images/logo.png>
Package pdftex.def Info: images/logo.png  used on input line 402.
(pdftex.def)             Requested size: 16.05113pt x 21.50049pt.

Overfull \hbox (72.23663pt too wide) has occurred while \output is active
  [] [][][][][][][][] [][][][][][][] [][][][][][][][][] [][][][][][][] [][][][]
[][][] [][][][] [][][] [][][] [][][][][] [][][][] [][][] [][][][][]  
 []


Overfull \hbox (1.38991pt too wide) has occurred while \output is active
[][] 
 []

[26

 <./6.png>]
File: images/logo.png Graphic file (type png)
<use images/logo.png>
Package pdftex.def Info: images/logo.png  used on input line 405.
(pdftex.def)             Requested size: 16.05113pt x 21.50049pt.

Overfull \hbox (72.23663pt too wide) has occurred while \output is active
  [] [][][][][][][][] [][][][][][][] [][][][][][][][][] [][][][][][][] [][][][]
[][][] [][][][] [][][] [][][] [][][][][] [][][][] [][][] [][][][][]  
 []


Overfull \hbox (1.38991pt too wide) has occurred while \output is active
[][] 
 []

[27

]
File: images/logo.png Graphic file (type png)
<use images/logo.png>
Package pdftex.def Info: images/logo.png  used on input line 424.
(pdftex.def)             Requested size: 16.05113pt x 21.50049pt.

Overfull \hbox (72.23663pt too wide) has occurred while \output is active
  [] [][][][][][][][] [][][][][][][] [][][][][][][][][] [][][][][][][] [][][][]
[][][] [][][][] [][][] [][][] [][][][][] [][][][] [][][] [][][][][]  
 []


Overfull \hbox (1.38991pt too wide) has occurred while \output is active
[][] 
 []

[28

]

! LaTeX Error: There's no line here to end.

See the LaTeX manual or LaTeX Companion for explanation.
Type  H <return>  for immediate help.
 ...                                              
                                                  
l.443 \end{frame}
                 
Your command was ignored.
Type  I <command> <return>  to replace it with another command,
or  <return>  to continue without it.

File: images/logo.png Graphic file (type png)
<use images/logo.png>
Package pdftex.def Info: images/logo.png  used on input line 443.
(pdftex.def)             Requested size: 16.05113pt x 21.50049pt.

Overfull \hbox (72.23663pt too wide) has occurred while \output is active
  [] [][][][][][][][] [][][][][][][] [][][][][][][][][] [][][][][][][] [][][][]
[][][] [][][][] [][][] [][][] [][][][][] [][][][] [][][] [][][][][]  
 []


Overfull \hbox (1.38991pt too wide) has occurred while \output is active
[][] 
 []

[29

]
File: images/logo.png Graphic file (type png)
<use images/logo.png>
Package pdftex.def Info: images/logo.png  used on input line 456.
(pdftex.def)             Requested size: 16.05113pt x 21.50049pt.

Overfull \hbox (72.23663pt too wide) has occurred while \output is active
  [] [][][][][][][][] [][][][][][][] [][][][][][][][][] [][][][][][][] [][][][]
[][][] [][][][] [][][] [][][] [][][][][] [][][][] [][][] [][][][][]  
 []


Overfull \hbox (1.38991pt too wide) has occurred while \output is active
[][] 
 []

[30

]
<7.png, id=2387, 548.0475pt x 125.268pt>
File: 7.png Graphic file (type png)
<use 7.png>
Package pdftex.def Info: 7.png  used on input line 472.
(pdftex.def)             Requested size: 274.02307pt x 62.63383pt.
File: images/logo.png Graphic file (type png)
<use images/logo.png>
Package pdftex.def Info: images/logo.png  used on input line 472.
(pdftex.def)             Requested size: 16.05113pt x 21.50049pt.

Overfull \hbox (72.23663pt too wide) has occurred while \output is active
  [] [][][][][][][][] [][][][][][][] [][][][][][][][][] [][][][][][][] [][][][]
[][][] [][][][] [][][] [][][] [][][][][] [][][][] [][][] [][][][][]  
 []


Overfull \hbox (1.38991pt too wide) has occurred while \output is active
[][] 
 []

[31

 <./7.png>]
File: images/logo.png Graphic file (type png)
<use images/logo.png>
Package pdftex.def Info: images/logo.png  used on input line 486.
(pdftex.def)             Requested size: 16.05113pt x 21.50049pt.

Overfull \hbox (72.23663pt too wide) has occurred while \output is active
  [] [][][][][][][][] [][][][][][][] [][][][][][][][][] [][][][][][][] [][][][]
[][][] [][][][] [][][] [][][] [][][][][] [][][][] [][][] [][][][][]  
 []


Overfull \hbox (1.38991pt too wide) has occurred while \output is active
[][] 
 []

[32

]
File: images/logo.png Graphic file (type png)
<use images/logo.png>
Package pdftex.def Info: images/logo.png  used on input line 488.
(pdftex.def)             Requested size: 16.05113pt x 21.50049pt.

Overfull \hbox (72.23663pt too wide) has occurred while \output is active
  [] [][][][][][][][] [][][][][][][] [][][][][][][][][] [][][][][][][] [][][][]
[][][] [][][][] [][][] [][][] [][][][][] [][][][] [][][] [][][][][]  
 []


Overfull \hbox (1.38991pt too wide) has occurred while \output is active
[][] 
 []

[33

]
File: images/logo.png Graphic file (type png)
<use images/logo.png>
Package pdftex.def Info: images/logo.png  used on input line 505.
(pdftex.def)             Requested size: 16.05113pt x 21.50049pt.

Overfull \hbox (72.23663pt too wide) has occurred while \output is active
  [] [][][][][][][][] [][][][][][][] [][][][][][][][][] [][][][][][][] [][][][]
[][][] [][][][] [][][] [][][] [][][][][] [][][][] [][][] [][][][][]  
 []


Overfull \hbox (1.38991pt too wide) has occurred while \output is active
[][] 
 []

[34

]
<9.png, id=2680, 217.41225pt x 88.53075pt>
File: 9.png Graphic file (type png)
<use 9.png>
Package pdftex.def Info: 9.png  used on input line 520.
(pdftex.def)             Requested size: 326.11754pt x 132.79575pt.

Overfull \hbox (35.82791pt too wide) in paragraph at lines 520--520
[][]  
 []

File: images/logo.png Graphic file (type png)
<use images/logo.png>
Package pdftex.def Info: images/logo.png  used on input line 520.
(pdftex.def)             Requested size: 16.05113pt x 21.50049pt.

Overfull \hbox (72.23663pt too wide) has occurred while \output is active
  [] [][][][][][][][] [][][][][][][] [][][][][][][][][] [][][][][][][] [][][][]
[][][] [][][][] [][][] [][][] [][][][][] [][][][] [][][] [][][][][]  
 []


Overfull \hbox (1.38991pt too wide) has occurred while \output is active
[][] 
 []

[35

 <./9.png>]
<10.png, id=2752, 244.5135pt x 98.16675pt>
File: 10.png Graphic file (type png)
<use 10.png>
Package pdftex.def Info: 10.png  used on input line 531.
(pdftex.def)             Requested size: 366.76933pt x 147.24976pt.

Overfull \hbox (59.47946pt too wide) in paragraph at lines 531--531
[][]  
 []

File: images/logo.png Graphic file (type png)
<use images/logo.png>
Package pdftex.def Info: images/logo.png  used on input line 531.
(pdftex.def)             Requested size: 16.05113pt x 21.50049pt.

Overfull \hbox (72.23663pt too wide) has occurred while \output is active
  [] [][][][][][][][] [][][][][][][] [][][][][][][][][] [][][][][][][] [][][][]
[][][] [][][][] [][][] [][][] [][][][][] [][][][] [][][] [][][][][]  
 []


Overfull \hbox (1.38991pt too wide) has occurred while \output is active
[][] 
 []

[36

 <./10.png>]
File: images/logo.png Graphic file (type png)
<use images/logo.png>
Package pdftex.def Info: images/logo.png  used on input line 557.
(pdftex.def)             Requested size: 16.05113pt x 21.50049pt.

Overfull \hbox (72.23663pt too wide) has occurred while \output is active
  [] [][][][][][][][] [][][][][][][] [][][][][][][][][] [][][][][][][] [][][][]
[][][] [][][][] [][][] [][][] [][][][][] [][][][] [][][] [][][][][]  
 []


Overfull \hbox (1.38991pt too wide) has occurred while \output is active
[][] 
 []

[37

]
LaTeX Font Info:    Trying to load font information for U+msa on input line 615
.
 (C:\Users\riyac\AppData\Local\Programs\MiKTeX\tex/latex/amsfonts\umsa.fd
File: umsa.fd 2013/01/14 v3.01 AMS symbols A
)
LaTeX Font Info:    Trying to load font information for U+msb on input line 615
.

(C:\Users\riyac\AppData\Local\Programs\MiKTeX\tex/latex/amsfonts\umsb.fd
File: umsb.fd 2013/01/14 v3.01 AMS symbols B
)
LaTeX Font Info:    Font shape `T1/phv/m/it' in size <8> not available
(Font)              Font shape `T1/phv/m/sl' tried instead on input line 615.
LaTeX Font Info:    Font shape `T1/phv/m/it' in size <6> not available
(Font)              Font shape `T1/phv/m/sl' tried instead on input line 615.
LaTeX Font Info:    Font shape `T1/phv/m/it' in size <5> not available
(Font)              Font shape `T1/phv/m/sl' tried instead on input line 615.

Overfull \hbox (1.43848pt too wide) in paragraph at lines 615--615
[]|\T1/phv/m/n/8 Orange| 
 []

File: images/logo.png Graphic file (type png)
<use images/logo.png>
Package pdftex.def Info: images/logo.png  used on input line 615.
(pdftex.def)             Requested size: 16.05113pt x 21.50049pt.

Overfull \hbox (72.23663pt too wide) has occurred while \output is active
  [] [][][][][][][][] [][][][][][][] [][][][][][][][][] [][][][][][][] [][][][]
[][][] [][][][] [][][] [][][] [][][][][] [][][][] [][][] [][][][][]  
 []


Overfull \hbox (1.38991pt too wide) has occurred while \output is active
[][] 
 []

[38

]
File: images/logo.png Graphic file (type png)
<use images/logo.png>
Package pdftex.def Info: images/logo.png  used on input line 617.
(pdftex.def)             Requested size: 16.05113pt x 21.50049pt.

Overfull \hbox (72.23663pt too wide) has occurred while \output is active
  [] [][][][][][][][] [][][][][][][] [][][][][][][][][] [][][][][][][] [][][][]
[][][] [][][][] [][][] [][][] [][][][][] [][][][] [][][] [][][][][]  
 []


Overfull \hbox (1.38991pt too wide) has occurred while \output is active
[][] 
 []

[39

]
LaTeX Font Info:    Trying to load font information for TS1+phv on input line 6
33.
 (C:\Users\riyac\AppData\Local\Programs\MiKTeX\tex/latex/psnfss\ts1phv.fd
File: ts1phv.fd 2020/03/25 scalable font definitions for TS1/phv.
)
File: images/logo.png Graphic file (type png)
<use images/logo.png>
Package pdftex.def Info: images/logo.png  used on input line 633.
(pdftex.def)             Requested size: 16.05113pt x 21.50049pt.

Overfull \hbox (72.23663pt too wide) has occurred while \output is active
  [] [][][][][][][][] [][][][][][][] [][][][][][][][][] [][][][][][][] [][][][]
[][][] [][][][] [][][] [][][] [][][][][] [][][][] [][][] [][][][][]  
 []


Overfull \hbox (1.38991pt too wide) has occurred while \output is active
[][] 
 []

[40

]
<89.png, id=3116, 422.32782pt x 280.79906pt>
File: 89.png Graphic file (type png)
<use 89.png>
Package pdftex.def Info: 89.png  used on input line 636.
(pdftex.def)             Requested size: 211.16339pt x 140.39919pt.
File: images/logo.png Graphic file (type png)
<use images/logo.png>
Package pdftex.def Info: images/logo.png  used on input line 636.
(pdftex.def)             Requested size: 16.05113pt x 21.50049pt.

Overfull \hbox (72.23663pt too wide) has occurred while \output is active
  [] [][][][][][][][] [][][][][][][] [][][][][][][][][] [][][][][][][] [][][][]
[][][] [][][][] [][][] [][][] [][][][][] [][][][] [][][] [][][][][]  
 []


Overfull \hbox (1.38991pt too wide) has occurred while \output is active
[][] 
 []

[41

 <./89.png>]
File: images/logo.png Graphic file (type png)
<use images/logo.png>
Package pdftex.def Info: images/logo.png  used on input line 642.
(pdftex.def)             Requested size: 16.05113pt x 21.50049pt.

Overfull \hbox (72.23663pt too wide) has occurred while \output is active
  [] [][][][][][][][] [][][][][][][] [][][][][][][][][] [][][][][][][] [][][][]
[][][] [][][][] [][][] [][][] [][][][][] [][][][] [][][] [][][][][]  
 []


Overfull \hbox (1.38991pt too wide) has occurred while \output is active
[][] 
 []

[42

]
File: images/logo.png Graphic file (type png)
<use images/logo.png>
Package pdftex.def Info: images/logo.png  used on input line 668.
(pdftex.def)             Requested size: 16.05113pt x 21.50049pt.

Overfull \hbox (72.23663pt too wide) has occurred while \output is active
  [] [][][][][][][][] [][][][][][][] [][][][][][][][][] [][][][][][][] [][][][]
[][][] [][][][] [][][] [][][] [][][][][] [][][][] [][][] [][][][][]  
 []


Overfull \hbox (1.38991pt too wide) has occurred while \output is active
[][] 
 []

[43

]
File: images/logo.png Graphic file (type png)
<use images/logo.png>
Package pdftex.def Info: images/logo.png  used on input line 670.
(pdftex.def)             Requested size: 16.05113pt x 21.50049pt.

Overfull \hbox (72.23663pt too wide) has occurred while \output is active
  [] [][][][][][][][] [][][][][][][] [][][][][][][][][] [][][][][][][] [][][][]
[][][] [][][][] [][][] [][][] [][][][][] [][][][] [][][] [][][][][]  
 []


Overfull \hbox (1.38991pt too wide) has occurred while \output is active
[][] 
 []

[44

]
File: images/logo.png Graphic file (type png)
<use images/logo.png>
Package pdftex.def Info: images/logo.png  used on input line 706.
(pdftex.def)             Requested size: 16.05113pt x 21.50049pt.

Overfull \hbox (72.23663pt too wide) has occurred while \output is active
  [] [][][][][][][][] [][][][][][][] [][][][][][][][][] [][][][][][][] [][][][]
[][][] [][][][] [][][] [][][] [][][][][] [][][][] [][][] [][][][][]  
 []


Overfull \hbox (1.38991pt too wide) has occurred while \output is active
[][] 
 []

[45

]
File: images/logo.png Graphic file (type png)
<use images/logo.png>
Package pdftex.def Info: images/logo.png  used on input line 710.
(pdftex.def)             Requested size: 16.05113pt x 21.50049pt.

Overfull \hbox (72.23663pt too wide) has occurred while \output is active
  [] [][][][][][][][] [][][][][][][] [][][][][][][][][] [][][][][][][] [][][][]
[][][] [][][][] [][][] [][][] [][][][][] [][][][] [][][] [][][][][]  
 []


Overfull \hbox (1.38991pt too wide) has occurred while \output is active
[][] 
 []

[46

]
File: images/logo.png Graphic file (type png)
<use images/logo.png>
Package pdftex.def Info: images/logo.png  used on input line 722.
(pdftex.def)             Requested size: 16.05113pt x 21.50049pt.

Overfull \hbox (72.23663pt too wide) has occurred while \output is active
  [] [][][][][][][][] [][][][][][][] [][][][][][][][][] [][][][][][][] [][][][]
[][][] [][][][] [][][] [][][] [][][][][] [][][][] [][][] [][][][][]  
 []


Overfull \hbox (1.38991pt too wide) has occurred while \output is active
[][] 
 []

[47

]
File: images/logo.png Graphic file (type png)
<use images/logo.png>
Package pdftex.def Info: images/logo.png  used on input line 734.
(pdftex.def)             Requested size: 16.05113pt x 21.50049pt.

Overfull \hbox (72.23663pt too wide) has occurred while \output is active
  [] [][][][][][][][] [][][][][][][] [][][][][][][][][] [][][][][][][] [][][][]
[][][] [][][][] [][][] [][][] [][][][][] [][][][] [][][] [][][][][]  
 []


Overfull \hbox (1.38991pt too wide) has occurred while \output is active
[][] 
 []

[48

]
File: images/logo.png Graphic file (type png)
<use images/logo.png>
Package pdftex.def Info: images/logo.png  used on input line 746.
(pdftex.def)             Requested size: 16.05113pt x 21.50049pt.

Overfull \hbox (72.23663pt too wide) has occurred while \output is active
  [] [][][][][][][][] [][][][][][][] [][][][][][][][][] [][][][][][][] [][][][]
[][][] [][][][] [][][] [][][] [][][][][] [][][][] [][][] [][][][][]  
 []


Overfull \hbox (1.38991pt too wide) has occurred while \output is active
[][] 
 []

[49

]
File: images/logo.png Graphic file (type png)
<use images/logo.png>
Package pdftex.def Info: images/logo.png  used on input line 749.
(pdftex.def)             Requested size: 16.05113pt x 21.50049pt.

Overfull \hbox (72.23663pt too wide) has occurred while \output is active
  [] [][][][][][][][] [][][][][][][] [][][][][][][][][] [][][][][][][] [][][][]
[][][] [][][][] [][][] [][][] [][][][][] [][][][] [][][] [][][][][]  
 []


Overfull \hbox (1.38991pt too wide) has occurred while \output is active
[][] 
 []

[50

]
File: images/logo.png Graphic file (type png)
<use images/logo.png>
Package pdftex.def Info: images/logo.png  used on input line 796.
(pdftex.def)             Requested size: 16.05113pt x 21.50049pt.

Overfull \hbox (72.23663pt too wide) has occurred while \output is active
  [] [][][][][][][][] [][][][][][][] [][][][][][][][][] [][][][][][][] [][][][]
[][][] [][][][] [][][] [][][] [][][][][] [][][][] [][][] [][][][][]  
 []


Overfull \hbox (1.38991pt too wide) has occurred while \output is active
[][] 
 []

[51

]
File: images/logo.png Graphic file (type png)
<use images/logo.png>
Package pdftex.def Info: images/logo.png  used on input line 843.
(pdftex.def)             Requested size: 16.05113pt x 21.50049pt.

Overfull \hbox (72.23663pt too wide) has occurred while \output is active
  [] [][][][][][][][] [][][][][][][] [][][][][][][][][] [][][][][][][] [][][][]
[][][] [][][][] [][][] [][][] [][][][][] [][][][] [][][] [][][][][]  
 []


Overfull \hbox (1.38991pt too wide) has occurred while \output is active
[][] 
 []

[52

]
File: images/logo.png Graphic file (type png)
<use images/logo.png>
Package pdftex.def Info: images/logo.png  used on input line 846.
(pdftex.def)             Requested size: 16.05113pt x 21.50049pt.

Overfull \hbox (72.23663pt too wide) has occurred while \output is active
  [] [][][][][][][][] [][][][][][][] [][][][][][][][][] [][][][][][][] [][][][]
[][][] [][][][] [][][] [][][] [][][][][] [][][][] [][][] [][][][][]  
 []


Overfull \hbox (1.38991pt too wide) has occurred while \output is active
[][] 
 []

[53

]
<images/cifar10.png, id=4089, 674.52pt x 591.20876pt>
File: images/cifar10.png Graphic file (type png)
<use images/cifar10.png>
Package pdftex.def Info: images/cifar10.png  used on input line 856.
(pdftex.def)             Requested size: 168.62958pt x 147.80182pt.
File: images/logo.png Graphic file (type png)
<use images/logo.png>
Package pdftex.def Info: images/logo.png  used on input line 856.
(pdftex.def)             Requested size: 16.05113pt x 21.50049pt.

Overfull \hbox (72.23663pt too wide) has occurred while \output is active
  [] [][][][][][][][] [][][][][][][] [][][][][][][][][] [][][][][][][] [][][][]
[][][] [][][][] [][][] [][][] [][][][][] [][][][] [][][] [][][][][]  
 []


Overfull \hbox (1.38991pt too wide) has occurred while \output is active
[][] 
 []

[54

 <./images/cifar10.png (PNG copy)>]
File: images/logo.png Graphic file (type png)
<use images/logo.png>
Package pdftex.def Info: images/logo.png  used on input line 858.
(pdftex.def)             Requested size: 16.05113pt x 21.50049pt.

Overfull \hbox (72.23663pt too wide) has occurred while \output is active
  [] [][][][][][][][] [][][][][][][] [][][][][][][][][] [][][][][][][] [][][][]
[][][] [][][][] [][][] [][][] [][][][][] [][][][] [][][] [][][][][]  
 []


Overfull \hbox (1.38991pt too wide) has occurred while \output is active
[][] 
 []

[55

]
File: images/logo.png Graphic file (type png)
<use images/logo.png>
Package pdftex.def Info: images/logo.png  used on input line 871.
(pdftex.def)             Requested size: 16.05113pt x 21.50049pt.

Overfull \hbox (72.23663pt too wide) has occurred while \output is active
  [] [][][][][][][][] [][][][][][][] [][][][][][][][][] [][][][][][][] [][][][]
[][][] [][][][] [][][] [][][] [][][][][] [][][][] [][][] [][][][][]  
 []


Overfull \hbox (1.38991pt too wide) has occurred while \output is active
[][] 
 []

[56

]
\openout4 = `main.vrb'.

 (main.vrb
<images/carbon.png, id=4324, 1453.43pt x 881.2925pt>
File: images/carbon.png Graphic file (type png)
<use images/carbon.png>
Package pdftex.def Info: images/carbon.png  used on input line 6.
(pdftex.def)             Requested size: 307.28987pt x 186.3275pt.
)
File: images/logo.png Graphic file (type png)
<use images/logo.png>
Package pdftex.def Info: images/logo.png  used on input line 904.
(pdftex.def)             Requested size: 16.05113pt x 21.50049pt.

Overfull \hbox (72.23663pt too wide) has occurred while \output is active
  [] [][][][][][][][] [][][][][][][] [][][][][][][][][] [][][][][][][] [][][][]
[][][] [][][][] [][][] [][][] [][][][][] [][][][] [][][] [][][][][]  
 []


Overfull \hbox (1.38991pt too wide) has occurred while \output is active
[][] 
 []

[57

 <./images/carbon.png>]
File: images/logo.png Graphic file (type png)
<use images/logo.png>
Package pdftex.def Info: images/logo.png  used on input line 922.
(pdftex.def)             Requested size: 16.05113pt x 21.50049pt.

Overfull \hbox (72.23663pt too wide) has occurred while \output is active
  [] [][][][][][][][] [][][][][][][] [][][][][][][][][] [][][][][][][] [][][][]
[][][] [][][][] [][][] [][][] [][][][][] [][][][] [][][] [][][][][]  
 []


Overfull \hbox (1.38991pt too wide) has occurred while \output is active
[][] 
 []

[58

]
\tf@nav=\write6
\openout6 = `main.nav'.

\tf@toc=\write7
\openout7 = `main.toc'.

\tf@snm=\write8
\openout8 = `main.snm'.

 (main.aux)
Package rerunfilecheck Info: File `main.out' has not changed.
(rerunfilecheck)             Checksum: B6C8E8B493C588CD7DE1F04C2382100B;2059.
 ) 
Here is how much of TeX's memory you used:
 34132 strings out of 476331
 702561 string characters out of 5787766
 1925660 words of memory out of 5000000
 53767 multiletter control sequences out of 15000+600000
 554017 words of font info for 76 fonts, out of 8000000 for 9000
 1141 hyphenation exceptions out of 8191
 142i,20n,136p,625b,1241s stack positions out of 10000i,1000n,20000p,200000b,200000s
<C:/Users/riyac/AppData/Local/Programs/MiKTeX/fonts/type1/public/amsfonts/cme
xtra/cmex8.pfb><C:/Users/riyac/AppData/Local/Programs/MiKTeX/fonts/type1/public
/amsfonts/cm/cmmi6.pfb><C:/Users/riyac/AppData/Local/Programs/MiKTeX/fonts/type
1/public/amsfonts/cm/cmmi8.pfb><C:/Users/riyac/AppData/Local/Programs/MiKTeX/fo
nts/type1/public/amsfonts/cm/cmss8.pfb><C:/Users/riyac/AppData/Local/Programs/M
iKTeX/fonts/type1/public/amsfonts/cm/cmsy6.pfb><C:/Users/riyac/AppData/Local/Pr
ograms/MiKTeX/fonts/type1/public/amsfonts/cm/cmsy8.pfb><C:/Users/riyac/AppData/
Local/Programs/MiKTeX/fonts/type1/urw/helvetic/uhvb8a.pfb><C:/Users/riyac/AppDa
ta/Local/Programs/MiKTeX/fonts/type1/urw/helvetic/uhvr8a.pfb><C:/Users/riyac/Ap
pData/Local/Programs/MiKTeX/fonts/type1/urw/helvetic/uhvro8a.pfb>
Output written on main.pdf (58 pages, 1982402 bytes).
PDF statistics:
 4539 PDF objects out of 5155 (max. 8388607)
 137 named destinations out of 1000 (max. 500000)
 664 words of extra memory for PDF output out of 10000 (max. 10000000)

